2023-02-03 16:50:19,887 Namespace(conf_thres=0.001, dataDir='', iou_thres=0.6, local_rank=-1, logDir='/project/zhanjiao/YOLOP/yolop-two-yolov7/runs', modelDir='', prevModelDir='', sync_bn=False)
2023-02-03 16:50:19,888 AUTO_RESUME: False
CUDNN:
  BENCHMARK: True
  DETERMINISTIC: False
  ENABLED: True
DATASET:
  COLOR_RGB: False
  DATAROOT: /project/zhanjiao/dataset/bdd/bdd100k/images/100k
  DATASET: BddDataset
  DATA_FORMAT: jpg
  FLIP: True
  HSV_H: 0.015
  HSV_S: 0.7
  HSV_V: 0.4
  LABELROOT: /project/zhanjiao/dataset/bdd/bdd_det_gt
  LANEROOT: /project/zhanjiao/dataset/bdd/bdd_lane_gt
  MASKROOT: /project/zhanjiao/dataset/bdd/bdd_seg_gt
  ORG_IMG_SIZE: [720, 1280]
  ROT_FACTOR: 10
  SCALE_FACTOR: 0.25
  SELECT_DATA: False
  SHEAR: 0.0
  TEST_SET: val
  TRAIN_SET: train
  TRANSLATE: 0.1
DEBUG: False
GPUS: (0, 1)
LOG_DIR: /project/zhanjiao/YOLOP/yolop-two-yolov7/runs
LOSS:
  BOX_GAIN: 0.05
  CLS_GAIN: 0.5
  CLS_POS_WEIGHT: 1.0
  DA_SEG_GAIN: 0.2
  FL_GAMMA: 2.0
  LL_IOU_GAIN: 0.2
  LL_SEG_GAIN: 0.2
  LOSS_NAME: 
  MULTI_HEAD_LAMBDA: None
  OBJ_GAIN: 1.0
  OBJ_POS_WEIGHT: 1.0
  SEG_POS_WEIGHT: 1.0
MODEL:
  EXTRA:
    
  HEADS_NAME: ['']
  IMAGE_SIZE: [640, 640]
  NAME: 
  PRETRAINED: 
  PRETRAINED_DET: 
  STRU_WITHSHARE: False
NEED_AUTOANCHOR: False
PIN_MEMORY: True
PRINT_FREQ: 2150
TEST:
  BATCH_SIZE_PER_GPU: 16
  MODEL_FILE: 
  NMS_CONF_THRESHOLD: 0.001
  NMS_IOU_THRESHOLD: 0.6
  PLOTS: False
  SAVE_JSON: False
  SAVE_TXT: False
TRAIN:
  ANCHOR_THRESHOLD: 4.0
  BATCH_SIZE_PER_GPU: 16
  BEGIN_EPOCH: 0
  DET_ONLY: False
  DRIVABLE_ONLY: False
  ENC_DET_ONLY: False
  ENC_SEG_ONLY: False
  END_EPOCH: 200
  GAMMA1: 0.99
  GAMMA2: 0.0
  IOU_THRESHOLD: 0.2
  LANE_ONLY: False
  LR0: 0.001
  LRF: 0.1
  MOMENTUM: 0.937
  NESTEROV: True
  OPTIMIZER: adamw
  PLOT: True
  SEG_ONLY: False
  SHUFFLE: True
  VAL_FREQ: 20
  WARMUP_BIASE_LR: 0.1
  WARMUP_EPOCHS: 3.0
  WARMUP_MOMENTUM: 0.8
  WD: 0.0005
WORKERS: 8
num_seg_class: 2
2023-02-03 16:50:19,987 Using torch 1.11.0 CUDA:0 (Tesla V100-SXM2-16GB, 16160MB)
2023-02-03 16:50:19,987                    CUDA:1 (Tesla V100-SXM2-16GB, 16160MB)
2023-02-03 16:50:19,987 
2023-02-03 17:22:21,656 anchors loaded successfully
2023-02-03 17:22:22,904 tensor([[[ 1.03907,  2.85496],
         [ 1.48690,  4.11737],
         [ 2.04668,  5.88172]],

        [[ 1.50552,  3.68967],
         [ 2.04386,  5.24438],
         [ 3.02241,  7.14843]],

        [[ 2.08100,  4.88515],
         [ 2.99150,  6.76806],
         [ 2.27082, 11.82588]],

        [[ 2.28431,  4.52018],
         [ 3.16190,  7.91781],
         [ 4.25088, 12.77570]]], device='cuda:0')
2023-02-03 17:22:58,660 Epoch: [1][0/2188]	Time 35.730s (35.730s)	Speed 0.9 samples/s	Data 13.812s (13.812s)	Loss 0.35947 (0.35947)
2023-02-03 18:08:24,615 Epoch: [1][2150/2188]	Time 2761.682s (1402.916s)	Speed 0.0 samples/s	Data 2760.490s (1401.643s)	Loss 0.26353 (0.29648)
2023-02-03 18:09:30,150 Epoch: [2][0/2188]	Time 13.399s (13.399s)	Speed 2.4 samples/s	Data 11.609s (11.609s)	Loss 0.26180 (0.26180)
2023-02-03 18:56:16,579 Epoch: [2][2150/2188]	Time 2819.826s (1400.925s)	Speed 0.0 samples/s	Data 2818.732s (1399.734s)	Loss 0.22296 (0.23892)
2023-02-03 18:57:20,080 Epoch: [3][0/2188]	Time 13.643s (13.643s)	Speed 2.3 samples/s	Data 11.940s (11.940s)	Loss 0.22055 (0.22055)
2023-02-03 19:44:35,481 Epoch: [3][2150/2188]	Time 2849.044s (1423.245s)	Speed 0.0 samples/s	Data 2847.652s (1421.970s)	Loss 0.20600 (0.21107)
2023-02-03 19:45:36,931 Epoch: [4][0/2188]	Time 12.748s (12.748s)	Speed 2.5 samples/s	Data 11.134s (11.134s)	Loss 0.19948 (0.19948)
2023-02-03 20:32:57,333 Epoch: [4][2150/2188]	Time 2853.150s (1436.536s)	Speed 0.0 samples/s	Data 2852.113s (1435.394s)	Loss 0.19403 (0.19946)
2023-02-03 20:33:54,681 Epoch: [5][0/2188]	Time 13.432s (13.432s)	Speed 2.4 samples/s	Data 11.884s (11.884s)	Loss 0.19646 (0.19646)
2023-02-03 21:21:46,341 Epoch: [5][2150/2188]	Time 2885.092s (1443.612s)	Speed 0.0 samples/s	Data 2884.133s (1442.473s)	Loss 0.19658 (0.19428)
2023-02-03 21:22:47,705 Epoch: [6][0/2188]	Time 15.223s (15.223s)	Speed 2.1 samples/s	Data 13.917s (13.917s)	Loss 0.19532 (0.19532)
2023-02-03 22:12:28,993 Epoch: [6][2150/2188]	Time 2996.509s (1507.874s)	Speed 0.0 samples/s	Data 2995.536s (1506.760s)	Loss 0.18906 (0.19134)
2023-02-03 22:13:33,583 Epoch: [7][0/2188]	Time 13.063s (13.063s)	Speed 2.4 samples/s	Data 11.236s (11.236s)	Loss 0.19165 (0.19165)
2023-02-03 23:01:30,285 Epoch: [7][2150/2188]	Time 2889.762s (1458.460s)	Speed 0.0 samples/s	Data 2888.392s (1457.260s)	Loss 0.19229 (0.18949)
2023-02-03 23:02:28,474 Epoch: [8][0/2188]	Time 13.666s (13.666s)	Speed 2.3 samples/s	Data 12.072s (12.072s)	Loss 0.18972 (0.18972)
2023-02-03 23:52:09,158 Epoch: [8][2150/2188]	Time 2994.347s (1514.450s)	Speed 0.0 samples/s	Data 2993.155s (1513.332s)	Loss 0.18976 (0.18763)
2023-02-03 23:53:05,434 Epoch: [9][0/2188]	Time 12.191s (12.191s)	Speed 2.6 samples/s	Data 10.341s (10.341s)	Loss 0.18562 (0.18562)
2023-02-04 00:40:43,356 Epoch: [9][2150/2188]	Time 2870.112s (1449.300s)	Speed 0.0 samples/s	Data 2869.155s (1448.139s)	Loss 0.18958 (0.18642)
2023-02-04 00:41:45,753 Epoch: [10][0/2188]	Time 13.001s (13.001s)	Speed 2.5 samples/s	Data 11.191s (11.191s)	Loss 0.18217 (0.18217)
2023-02-04 01:28:49,234 Epoch: [10][2150/2188]	Time 2836.483s (1428.615s)	Speed 0.0 samples/s	Data 2835.413s (1427.423s)	Loss 0.18402 (0.18541)
2023-02-04 01:29:52,657 Epoch: [11][0/2188]	Time 12.935s (12.935s)	Speed 2.5 samples/s	Data 11.286s (11.286s)	Loss 0.18700 (0.18700)
2023-02-04 02:17:11,239 Epoch: [11][2150/2188]	Time 2851.515s (1439.666s)	Speed 0.0 samples/s	Data 2849.909s (1438.367s)	Loss 0.18334 (0.18423)
2023-02-04 02:18:07,816 Epoch: [12][0/2188]	Time 13.202s (13.202s)	Speed 2.4 samples/s	Data 11.261s (11.261s)	Loss 0.18423 (0.18423)
2023-02-04 03:05:35,104 Epoch: [12][2150/2188]	Time 2860.489s (1432.832s)	Speed 0.0 samples/s	Data 2859.220s (1431.665s)	Loss 0.18377 (0.18356)
2023-02-04 03:06:36,104 Epoch: [13][0/2188]	Time 13.743s (13.743s)	Speed 2.3 samples/s	Data 11.562s (11.562s)	Loss 0.17931 (0.17931)
2023-02-04 03:54:32,576 Epoch: [13][2150/2188]	Time 2890.214s (1458.403s)	Speed 0.0 samples/s	Data 2889.203s (1457.252s)	Loss 0.18914 (0.18280)
2023-02-04 03:55:30,503 Epoch: [14][0/2188]	Time 13.062s (13.062s)	Speed 2.4 samples/s	Data 11.493s (11.493s)	Loss 0.18131 (0.18131)
2023-02-04 04:42:45,529 Epoch: [14][2150/2188]	Time 2848.087s (1424.873s)	Speed 0.0 samples/s	Data 2846.869s (1423.682s)	Loss 0.18176 (0.18214)
2023-02-04 04:43:44,325 Epoch: [15][0/2188]	Time 13.732s (13.732s)	Speed 2.3 samples/s	Data 12.336s (12.336s)	Loss 0.18319 (0.18319)
2023-02-04 05:30:42,483 Epoch: [15][2150/2188]	Time 2831.890s (1417.020s)	Speed 0.0 samples/s	Data 2830.690s (1415.792s)	Loss 0.18124 (0.18175)
2023-02-04 05:31:41,688 Epoch: [16][0/2188]	Time 13.368s (13.368s)	Speed 2.4 samples/s	Data 11.716s (11.716s)	Loss 0.18100 (0.18100)
2023-02-04 06:19:09,276 Epoch: [16][2150/2188]	Time 2860.943s (1439.383s)	Speed 0.0 samples/s	Data 2859.679s (1438.166s)	Loss 0.17937 (0.18136)
2023-02-04 06:20:06,221 Epoch: [17][0/2188]	Time 13.863s (13.863s)	Speed 2.3 samples/s	Data 12.334s (12.334s)	Loss 0.18463 (0.18463)
2023-02-04 07:06:54,535 Epoch: [17][2150/2188]	Time 2822.176s (1428.759s)	Speed 0.0 samples/s	Data 2821.118s (1427.600s)	Loss 0.18056 (0.18096)
2023-02-04 07:07:50,516 Epoch: [18][0/2188]	Time 12.292s (12.292s)	Speed 2.6 samples/s	Data 10.296s (10.296s)	Loss 0.17876 (0.17876)
2023-02-04 07:54:41,947 Epoch: [18][2150/2188]	Time 2823.724s (1410.447s)	Speed 0.0 samples/s	Data 2822.707s (1409.285s)	Loss 0.17957 (0.18067)
2023-02-04 07:55:42,288 Epoch: [19][0/2188]	Time 13.574s (13.574s)	Speed 2.4 samples/s	Data 12.362s (12.362s)	Loss 0.18106 (0.18106)
2023-02-04 08:42:47,058 Epoch: [19][2150/2188]	Time 2838.344s (1431.196s)	Speed 0.0 samples/s	Data 2836.768s (1429.914s)	Loss 0.17795 (0.18022)
2023-02-04 08:43:45,645 Epoch: [20][0/2188]	Time 13.416s (13.416s)	Speed 2.4 samples/s	Data 10.725s (10.725s)	Loss 0.17813 (0.17813)
2023-02-04 09:30:47,308 Epoch: [20][2150/2188]	Time 2835.078s (1428.667s)	Speed 0.0 samples/s	Data 2833.901s (1427.355s)	Loss 0.17735 (0.18009)
2023-02-04 09:52:32,835 Epoch: [20]    Loss(0.270)
Driving area Segment: Acc(0.976)    IOU (0.871)    mIOU(0.921)
Lane line Segment: Acc(0.865)    IOU (0.228)  mIOU(0.602)
Detect: P(0.035)  R(0.957)  mAP@0.5(0.791)  mAP@0.5:0.95(0.454)
Time: inference(0.0092s/frame)  nms(0.0814s/frame)
2023-02-04 09:52:32,850 => saving checkpoint to /project/zhanjiao/YOLOP/yolop-two-yolov7/runs/BddDataset/runs_2023-02-03-16-50/epoch-20.pth
2023-02-04 09:52:49,557 Epoch: [21][0/2188]	Time 14.103s (14.103s)	Speed 2.3 samples/s	Data 12.188s (12.188s)	Loss 0.18137 (0.18137)
2023-02-04 10:40:18,685 Epoch: [21][2150/2188]	Time 2863.232s (1430.040s)	Speed 0.0 samples/s	Data 2862.154s (1428.819s)	Loss 0.18089 (0.17975)
2023-02-04 10:41:20,489 Epoch: [22][0/2188]	Time 12.734s (12.734s)	Speed 2.5 samples/s	Data 11.158s (11.158s)	Loss 0.17594 (0.17594)
2023-02-04 11:28:53,056 Epoch: [22][2150/2188]	Time 2865.300s (1447.174s)	Speed 0.0 samples/s	Data 2864.323s (1446.004s)	Loss 0.18297 (0.17971)
2023-02-04 11:29:55,083 Epoch: [23][0/2188]	Time 12.009s (12.009s)	Speed 2.7 samples/s	Data 10.269s (10.269s)	Loss 0.17558 (0.17558)
2023-02-04 12:17:13,305 Epoch: [23][2150/2188]	Time 2850.212s (1430.796s)	Speed 0.0 samples/s	Data 2849.195s (1429.476s)	Loss 0.17728 (0.17941)
2023-02-04 12:18:11,745 Epoch: [24][0/2188]	Time 13.446s (13.446s)	Speed 2.4 samples/s	Data 11.313s (11.313s)	Loss 0.17760 (0.17760)
2023-02-04 13:06:45,399 Epoch: [24][2150/2188]	Time 2927.102s (1466.594s)	Speed 0.0 samples/s	Data 2926.156s (1465.459s)	Loss 0.18086 (0.17922)
2023-02-04 13:07:52,520 Epoch: [25][0/2188]	Time 14.578s (14.578s)	Speed 2.2 samples/s	Data 13.186s (13.186s)	Loss 0.17840 (0.17840)
2023-02-04 13:56:03,857 Epoch: [25][2150/2188]	Time 2905.914s (1469.948s)	Speed 0.0 samples/s	Data 2904.778s (1468.665s)	Loss 0.17940 (0.17906)
2023-02-04 13:57:06,954 Epoch: [26][0/2188]	Time 12.576s (12.576s)	Speed 2.5 samples/s	Data 10.333s (10.333s)	Loss 0.17807 (0.17807)
2023-02-04 14:45:22,208 Epoch: [26][2150/2188]	Time 2907.829s (1468.884s)	Speed 0.0 samples/s	Data 2906.747s (1467.686s)	Loss 0.17515 (0.17883)
2023-02-04 14:46:20,469 Epoch: [27][0/2188]	Time 13.190s (13.190s)	Speed 2.4 samples/s	Data 11.728s (11.728s)	Loss 0.17310 (0.17310)
2023-02-04 15:34:34,826 Epoch: [27][2150/2188]	Time 2907.546s (1477.863s)	Speed 0.0 samples/s	Data 2906.370s (1476.654s)	Loss 0.17860 (0.17867)
2023-02-04 15:35:35,515 Epoch: [28][0/2188]	Time 15.032s (15.032s)	Speed 2.1 samples/s	Data 13.549s (13.549s)	Loss 0.17736 (0.17736)
2023-02-04 16:23:07,654 Epoch: [28][2150/2188]	Time 2867.172s (1431.262s)	Speed 0.0 samples/s	Data 2866.107s (1430.052s)	Loss 0.18605 (0.17853)
2023-02-04 16:24:09,041 Epoch: [29][0/2188]	Time 13.186s (13.186s)	Speed 2.4 samples/s	Data 11.888s (11.888s)	Loss 0.18229 (0.18229)
2023-02-04 17:13:20,370 Epoch: [29][2150/2188]	Time 2964.515s (1494.058s)	Speed 0.0 samples/s	Data 2963.421s (1492.927s)	Loss 0.17736 (0.17833)
2023-02-04 17:14:16,874 Epoch: [30][0/2188]	Time 12.978s (12.978s)	Speed 2.5 samples/s	Data 10.401s (10.401s)	Loss 0.17777 (0.17777)
2023-02-04 18:01:15,047 Epoch: [30][2150/2188]	Time 2831.151s (1422.910s)	Speed 0.0 samples/s	Data 2829.936s (1421.613s)	Loss 0.17768 (0.17820)
2023-02-04 18:02:15,218 Epoch: [31][0/2188]	Time 14.786s (14.786s)	Speed 2.2 samples/s	Data 12.659s (12.659s)	Loss 0.18037 (0.18037)
2023-02-04 18:50:20,975 Epoch: [31][2150/2188]	Time 2900.543s (1442.478s)	Speed 0.0 samples/s	Data 2899.164s (1441.213s)	Loss 0.17424 (0.17813)
2023-02-04 18:51:22,036 Epoch: [32][0/2188]	Time 12.687s (12.687s)	Speed 2.5 samples/s	Data 11.363s (11.363s)	Loss 0.17517 (0.17517)
2023-02-04 19:38:30,748 Epoch: [32][2150/2188]	Time 2841.399s (1422.746s)	Speed 0.0 samples/s	Data 2840.437s (1421.456s)	Loss 0.17840 (0.17798)
2023-02-04 19:39:36,437 Epoch: [33][0/2188]	Time 12.633s (12.633s)	Speed 2.5 samples/s	Data 11.006s (11.006s)	Loss 0.18190 (0.18190)
2023-02-04 20:28:30,686 Epoch: [33][2150/2188]	Time 2946.879s (1482.423s)	Speed 0.0 samples/s	Data 2945.754s (1481.286s)	Loss 0.17890 (0.17788)
2023-02-04 20:29:31,736 Epoch: [34][0/2188]	Time 12.463s (12.463s)	Speed 2.6 samples/s	Data 10.790s (10.790s)	Loss 0.17504 (0.17504)
2023-02-04 21:19:55,316 Epoch: [34][2150/2188]	Time 3036.043s (1524.064s)	Speed 0.0 samples/s	Data 3034.882s (1522.943s)	Loss 0.17621 (0.17774)
2023-02-04 21:20:53,958 Epoch: [35][0/2188]	Time 13.806s (13.806s)	Speed 2.3 samples/s	Data 12.233s (12.233s)	Loss 0.18529 (0.18529)
2023-02-04 22:08:05,919 Epoch: [35][2150/2188]	Time 2845.767s (1418.905s)	Speed 0.0 samples/s	Data 2844.508s (1417.644s)	Loss 0.18325 (0.17776)
2023-02-04 22:09:10,355 Epoch: [36][0/2188]	Time 13.717s (13.717s)	Speed 2.3 samples/s	Data 12.411s (12.411s)	Loss 0.17938 (0.17938)
2023-02-04 22:59:21,417 Epoch: [36][2150/2188]	Time 3024.777s (1525.115s)	Speed 0.0 samples/s	Data 3023.633s (1523.932s)	Loss 0.17662 (0.17762)
2023-02-04 23:00:25,901 Epoch: [37][0/2188]	Time 13.694s (13.694s)	Speed 2.3 samples/s	Data 12.390s (12.390s)	Loss 0.17981 (0.17981)
2023-02-04 23:49:13,858 Epoch: [37][2150/2188]	Time 2941.650s (1474.268s)	Speed 0.0 samples/s	Data 2940.445s (1473.154s)	Loss 0.17402 (0.17754)
2023-02-04 23:50:18,106 Epoch: [38][0/2188]	Time 13.208s (13.208s)	Speed 2.4 samples/s	Data 11.362s (11.362s)	Loss 0.17606 (0.17606)
2023-02-05 00:39:43,365 Epoch: [38][2150/2188]	Time 2978.467s (1474.914s)	Speed 0.0 samples/s	Data 2977.199s (1473.793s)	Loss 0.17821 (0.17750)
2023-02-05 00:40:47,898 Epoch: [39][0/2188]	Time 13.254s (13.254s)	Speed 2.4 samples/s	Data 11.624s (11.624s)	Loss 0.17882 (0.17882)
2023-02-05 01:29:22,881 Epoch: [39][2150/2188]	Time 2928.238s (1509.941s)	Speed 0.0 samples/s	Data 2927.195s (1508.698s)	Loss 0.17508 (0.17735)
2023-02-05 01:30:19,961 Epoch: [40][0/2188]	Time 13.261s (13.261s)	Speed 2.4 samples/s	Data 11.912s (11.912s)	Loss 0.17535 (0.17535)
2023-02-05 02:18:14,227 Epoch: [40][2150/2188]	Time 2887.527s (1455.291s)	Speed 0.0 samples/s	Data 2886.032s (1454.035s)	Loss 0.17506 (0.17725)
2023-02-05 02:42:03,287 Epoch: [40]    Loss(0.269)
Driving area Segment: Acc(0.978)    IOU (0.879)    mIOU(0.926)
Lane line Segment: Acc(0.888)    IOU (0.231)  mIOU(0.603)
Detect: P(0.035)  R(0.961)  mAP@0.5(0.810)  mAP@0.5:0.95(0.466)
Time: inference(0.0087s/frame)  nms(0.0947s/frame)
2023-02-05 02:42:03,298 => saving checkpoint to /project/zhanjiao/YOLOP/yolop-two-yolov7/runs/BddDataset/runs_2023-02-03-16-50/epoch-40.pth
2023-02-05 02:42:20,348 Epoch: [41][0/2188]	Time 14.636s (14.636s)	Speed 2.2 samples/s	Data 13.084s (13.084s)	Loss 0.17925 (0.17925)
2023-02-05 03:31:16,148 Epoch: [41][2150/2188]	Time 2950.433s (1496.363s)	Speed 0.0 samples/s	Data 2949.487s (1495.155s)	Loss 0.17756 (0.17709)
2023-02-05 03:32:21,164 Epoch: [42][0/2188]	Time 14.829s (14.829s)	Speed 2.2 samples/s	Data 13.480s (13.480s)	Loss 0.17725 (0.17725)
2023-02-05 04:22:54,918 Epoch: [42][2150/2188]	Time 3048.582s (1524.246s)	Speed 0.0 samples/s	Data 3047.534s (1523.155s)	Loss 0.17476 (0.17709)
2023-02-05 04:24:05,760 Epoch: [43][0/2188]	Time 13.757s (13.757s)	Speed 2.3 samples/s	Data 12.152s (12.152s)	Loss 0.17834 (0.17834)
2023-02-05 05:14:37,243 Epoch: [43][2150/2188]	Time 3045.238s (1540.709s)	Speed 0.0 samples/s	Data 3044.036s (1539.605s)	Loss 0.17740 (0.17701)
2023-02-05 05:15:40,129 Epoch: [44][0/2188]	Time 12.200s (12.200s)	Speed 2.6 samples/s	Data 10.674s (10.674s)	Loss 0.17837 (0.17837)
2023-02-05 06:03:18,311 Epoch: [44][2150/2188]	Time 2870.380s (1439.276s)	Speed 0.0 samples/s	Data 2869.367s (1438.109s)	Loss 0.18026 (0.17704)
2023-02-05 06:04:18,588 Epoch: [45][0/2188]	Time 13.681s (13.681s)	Speed 2.3 samples/s	Data 12.295s (12.295s)	Loss 0.17842 (0.17842)
2023-02-05 06:52:12,974 Epoch: [45][2150/2188]	Time 2888.067s (1452.431s)	Speed 0.0 samples/s	Data 2887.157s (1451.267s)	Loss 0.17754 (0.17685)
2023-02-05 06:53:14,861 Epoch: [46][0/2188]	Time 13.044s (13.044s)	Speed 2.5 samples/s	Data 11.723s (11.723s)	Loss 0.17653 (0.17653)
2023-02-05 07:42:51,284 Epoch: [46][2150/2188]	Time 2989.465s (1493.591s)	Speed 0.0 samples/s	Data 2988.416s (1492.479s)	Loss 0.17739 (0.17690)
2023-02-05 07:43:55,109 Epoch: [47][0/2188]	Time 12.455s (12.455s)	Speed 2.6 samples/s	Data 11.085s (11.085s)	Loss 0.17620 (0.17620)
2023-02-05 08:33:14,372 Epoch: [47][2150/2188]	Time 2971.718s (1492.756s)	Speed 0.0 samples/s	Data 2970.605s (1491.642s)	Loss 0.17348 (0.17671)
2023-02-05 08:34:14,658 Epoch: [48][0/2188]	Time 11.834s (11.834s)	Speed 2.7 samples/s	Data 10.379s (10.379s)	Loss 0.17433 (0.17433)
2023-02-05 09:22:39,842 Epoch: [48][2150/2188]	Time 2917.015s (1455.999s)	Speed 0.0 samples/s	Data 2915.938s (1454.881s)	Loss 0.17684 (0.17678)
2023-02-05 09:23:41,346 Epoch: [49][0/2188]	Time 12.731s (12.731s)	Speed 2.5 samples/s	Data 11.378s (11.378s)	Loss 0.17495 (0.17495)
2023-02-05 10:13:07,440 Epoch: [49][2150/2188]	Time 2978.824s (1490.439s)	Speed 0.0 samples/s	Data 2977.393s (1489.335s)	Loss 0.17726 (0.17660)
2023-02-05 10:14:13,101 Epoch: [50][0/2188]	Time 13.026s (13.026s)	Speed 2.5 samples/s	Data 11.718s (11.718s)	Loss 0.17609 (0.17609)
2023-02-05 11:01:21,705 Epoch: [50][2150/2188]	Time 2841.628s (1432.344s)	Speed 0.0 samples/s	Data 2840.556s (1431.098s)	Loss 0.17832 (0.17669)
2023-02-05 11:02:26,158 Epoch: [51][0/2188]	Time 13.148s (13.148s)	Speed 2.4 samples/s	Data 11.943s (11.943s)	Loss 0.17629 (0.17629)
2023-02-05 11:53:26,117 Epoch: [51][2150/2188]	Time 3073.103s (1551.707s)	Speed 0.0 samples/s	Data 3072.113s (1550.608s)	Loss 0.17549 (0.17651)
2023-02-05 11:54:27,575 Epoch: [52][0/2188]	Time 11.645s (11.645s)	Speed 2.7 samples/s	Data 10.369s (10.369s)	Loss 0.17469 (0.17469)
2023-02-05 12:43:43,374 Epoch: [52][2150/2188]	Time 2967.441s (1493.795s)	Speed 0.0 samples/s	Data 2966.409s (1492.674s)	Loss 0.17423 (0.17644)
2023-02-05 12:44:48,412 Epoch: [53][0/2188]	Time 13.767s (13.767s)	Speed 2.3 samples/s	Data 12.177s (12.177s)	Loss 0.17640 (0.17640)
2023-02-05 13:34:56,196 Epoch: [53][2150/2188]	Time 3021.549s (1522.016s)	Speed 0.0 samples/s	Data 3020.394s (1520.918s)	Loss 0.17608 (0.17633)
2023-02-05 13:36:00,463 Epoch: [54][0/2188]	Time 12.470s (12.470s)	Speed 2.6 samples/s	Data 10.848s (10.848s)	Loss 0.17519 (0.17519)
2023-02-05 14:26:08,243 Epoch: [54][2150/2188]	Time 3020.248s (1517.885s)	Speed 0.0 samples/s	Data 3018.635s (1516.791s)	Loss 0.17632 (0.17623)
2023-02-05 14:27:09,071 Epoch: [55][0/2188]	Time 11.853s (11.853s)	Speed 2.7 samples/s	Data 10.649s (10.649s)	Loss 0.17202 (0.17202)
2023-02-05 15:17:19,191 Epoch: [55][2150/2188]	Time 3021.971s (1500.362s)	Speed 0.0 samples/s	Data 3020.897s (1499.259s)	Loss 0.17278 (0.17630)
2023-02-05 15:18:23,123 Epoch: [56][0/2188]	Time 12.670s (12.670s)	Speed 2.5 samples/s	Data 11.359s (11.359s)	Loss 0.17670 (0.17670)
2023-02-05 16:06:48,764 Epoch: [56][2150/2188]	Time 2918.308s (1461.115s)	Speed 0.0 samples/s	Data 2917.291s (1459.987s)	Loss 0.17463 (0.17629)
2023-02-05 16:07:53,453 Epoch: [57][0/2188]	Time 13.206s (13.206s)	Speed 2.4 samples/s	Data 11.675s (11.675s)	Loss 0.17505 (0.17505)
2023-02-05 16:59:07,869 Epoch: [57][2150/2188]	Time 3087.619s (1568.471s)	Speed 0.0 samples/s	Data 3086.522s (1567.379s)	Loss 0.17521 (0.17613)
2023-02-05 17:00:11,260 Epoch: [58][0/2188]	Time 11.868s (11.868s)	Speed 2.7 samples/s	Data 10.587s (10.587s)	Loss 0.17337 (0.17337)
2023-02-05 17:49:55,112 Epoch: [58][2150/2188]	Time 2995.718s (1503.922s)	Speed 0.0 samples/s	Data 2994.808s (1502.809s)	Loss 0.17679 (0.17610)
2023-02-05 17:50:56,713 Epoch: [59][0/2188]	Time 13.440s (13.440s)	Speed 2.4 samples/s	Data 12.089s (12.089s)	Loss 0.17953 (0.17953)
2023-02-05 18:41:38,515 Epoch: [59][2150/2188]	Time 3055.242s (1529.903s)	Speed 0.0 samples/s	Data 3054.284s (1528.806s)	Loss 0.18275 (0.17609)
2023-02-05 18:42:38,358 Epoch: [60][0/2188]	Time 12.376s (12.376s)	Speed 2.6 samples/s	Data 10.799s (10.799s)	Loss 0.17695 (0.17695)
2023-02-05 19:32:58,873 Epoch: [60][2150/2188]	Time 3032.891s (1517.446s)	Speed 0.0 samples/s	Data 3031.500s (1516.356s)	Loss 0.17523 (0.17601)
2023-02-05 19:56:56,085 Epoch: [60]    Loss(0.269)
Driving area Segment: Acc(0.978)    IOU (0.884)    mIOU(0.929)
Lane line Segment: Acc(0.899)    IOU (0.232)  mIOU(0.604)
Detect: P(0.035)  R(0.960)  mAP@0.5(0.815)  mAP@0.5:0.95(0.470)
Time: inference(0.0087s/frame)  nms(0.0957s/frame)
2023-02-05 19:56:56,103 => saving checkpoint to /project/zhanjiao/YOLOP/yolop-two-yolov7/runs/BddDataset/runs_2023-02-03-16-50/epoch-60.pth
2023-02-05 19:57:11,258 Epoch: [61][0/2188]	Time 12.784s (12.784s)	Speed 2.5 samples/s	Data 10.779s (10.779s)	Loss 0.17257 (0.17257)
2023-02-05 20:47:43,884 Epoch: [61][2150/2188]	Time 3045.409s (1535.344s)	Speed 0.0 samples/s	Data 3044.242s (1534.236s)	Loss 0.17319 (0.17597)
2023-02-05 20:48:44,386 Epoch: [62][0/2188]	Time 13.528s (13.528s)	Speed 2.4 samples/s	Data 12.486s (12.486s)	Loss 0.17913 (0.17913)
2023-02-05 21:37:41,162 Epoch: [62][2150/2188]	Time 2950.302s (1481.604s)	Speed 0.0 samples/s	Data 2949.333s (1480.458s)	Loss 0.17319 (0.17596)
2023-02-05 21:38:42,496 Epoch: [63][0/2188]	Time 12.299s (12.299s)	Speed 2.6 samples/s	Data 11.127s (11.127s)	Loss 0.17454 (0.17454)
2023-02-05 22:30:16,402 Epoch: [63][2150/2188]	Time 3106.202s (1540.393s)	Speed 0.0 samples/s	Data 3104.936s (1539.306s)	Loss 0.17644 (0.17583)
2023-02-05 22:31:19,109 Epoch: [64][0/2188]	Time 14.096s (14.096s)	Speed 2.3 samples/s	Data 12.468s (12.468s)	Loss 0.17842 (0.17842)
2023-02-05 23:23:08,429 Epoch: [64][2150/2188]	Time 3123.417s (1546.391s)	Speed 0.0 samples/s	Data 3122.468s (1545.305s)	Loss 0.17506 (0.17582)
2023-02-05 23:24:14,818 Epoch: [65][0/2188]	Time 13.336s (13.336s)	Speed 2.4 samples/s	Data 12.222s (12.222s)	Loss 0.17567 (0.17567)
2023-02-06 00:14:26,806 Epoch: [65][2150/2188]	Time 3025.322s (1503.821s)	Speed 0.0 samples/s	Data 3024.187s (1502.675s)	Loss 0.17526 (0.17577)
2023-02-06 00:15:32,628 Epoch: [66][0/2188]	Time 14.337s (14.337s)	Speed 2.2 samples/s	Data 12.805s (12.805s)	Loss 0.17558 (0.17558)
2023-02-06 01:05:23,540 Epoch: [66][2150/2188]	Time 3005.247s (1493.762s)	Speed 0.0 samples/s	Data 3004.221s (1492.587s)	Loss 0.17546 (0.17569)
2023-02-06 01:06:26,480 Epoch: [67][0/2188]	Time 13.194s (13.194s)	Speed 2.4 samples/s	Data 12.130s (12.130s)	Loss 0.17728 (0.17728)
2023-02-06 01:57:36,751 Epoch: [67][2150/2188]	Time 3083.461s (1549.740s)	Speed 0.0 samples/s	Data 3082.460s (1548.646s)	Loss 0.17503 (0.17565)
2023-02-06 01:58:38,888 Epoch: [68][0/2188]	Time 14.246s (14.246s)	Speed 2.2 samples/s	Data 12.779s (12.779s)	Loss 0.17561 (0.17561)
2023-02-06 02:49:13,697 Epoch: [68][2150/2188]	Time 3049.054s (1547.738s)	Speed 0.0 samples/s	Data 3047.946s (1546.644s)	Loss 0.17510 (0.17558)
2023-02-06 02:50:14,642 Epoch: [69][0/2188]	Time 12.589s (12.589s)	Speed 2.5 samples/s	Data 11.505s (11.505s)	Loss 0.17870 (0.17870)
2023-02-06 03:39:32,199 Epoch: [69][2150/2188]	Time 2970.143s (1495.847s)	Speed 0.0 samples/s	Data 2968.859s (1494.763s)	Loss 0.17235 (0.17558)
2023-02-06 03:40:32,455 Epoch: [70][0/2188]	Time 12.288s (12.288s)	Speed 2.6 samples/s	Data 10.479s (10.479s)	Loss 0.17218 (0.17218)
2023-02-06 04:29:34,119 Epoch: [70][2150/2188]	Time 2953.953s (1480.767s)	Speed 0.0 samples/s	Data 2952.855s (1479.682s)	Loss 0.17438 (0.17557)
2023-02-06 04:30:31,626 Epoch: [71][0/2188]	Time 11.722s (11.722s)	Speed 2.7 samples/s	Data 10.426s (10.426s)	Loss 0.17206 (0.17206)
2023-02-06 05:19:24,564 Epoch: [71][2150/2188]	Time 2944.659s (1456.563s)	Speed 0.0 samples/s	Data 2943.574s (1455.474s)	Loss 0.17598 (0.17549)
2023-02-06 05:20:29,542 Epoch: [72][0/2188]	Time 14.711s (14.711s)	Speed 2.2 samples/s	Data 13.447s (13.447s)	Loss 0.17402 (0.17402)
2023-02-06 06:13:19,984 Epoch: [72][2150/2188]	Time 3185.150s (1582.024s)	Speed 0.0 samples/s	Data 3184.119s (1580.961s)	Loss 0.18104 (0.17552)
2023-02-06 06:14:32,670 Epoch: [73][0/2188]	Time 14.541s (14.541s)	Speed 2.2 samples/s	Data 13.388s (13.388s)	Loss 0.17855 (0.17855)
2023-02-06 07:07:46,638 Epoch: [73][2150/2188]	Time 3208.508s (1609.950s)	Speed 0.0 samples/s	Data 3207.479s (1608.883s)	Loss 0.17740 (0.17542)
2023-02-06 07:08:59,936 Epoch: [74][0/2188]	Time 14.944s (14.944s)	Speed 2.1 samples/s	Data 13.644s (13.644s)	Loss 0.17601 (0.17601)
2023-02-06 08:02:20,777 Epoch: [74][2150/2188]	Time 3215.771s (1607.990s)	Speed 0.0 samples/s	Data 3214.562s (1606.928s)	Loss 0.17475 (0.17541)
2023-02-06 08:03:32,166 Epoch: [75][0/2188]	Time 14.859s (14.859s)	Speed 2.2 samples/s	Data 13.739s (13.739s)	Loss 0.17863 (0.17863)
2023-02-06 08:57:57,005 Epoch: [75][2150/2188]	Time 3279.697s (1666.337s)	Speed 0.0 samples/s	Data 3278.704s (1665.279s)	Loss 0.17821 (0.17529)
2023-02-06 08:59:07,618 Epoch: [76][0/2188]	Time 14.557s (14.557s)	Speed 2.2 samples/s	Data 13.467s (13.467s)	Loss 0.17615 (0.17615)
2023-02-06 09:53:25,089 Epoch: [76][2150/2188]	Time 3272.027s (1633.733s)	Speed 0.0 samples/s	Data 3270.877s (1632.677s)	Loss 0.17659 (0.17525)
2023-02-06 09:54:33,139 Epoch: [77][0/2188]	Time 15.933s (15.933s)	Speed 2.0 samples/s	Data 14.633s (14.633s)	Loss 0.17827 (0.17827)
2023-02-06 10:49:45,869 Epoch: [77][2150/2188]	Time 3328.659s (1664.517s)	Speed 0.0 samples/s	Data 3327.581s (1663.459s)	Loss 0.17938 (0.17537)
2023-02-06 10:50:52,289 Epoch: [78][0/2188]	Time 13.948s (13.948s)	Speed 2.3 samples/s	Data 12.564s (12.564s)	Loss 0.17549 (0.17549)
2023-02-06 11:49:46,907 Epoch: [78][2150/2188]	Time 3548.534s (1792.378s)	Speed 0.0 samples/s	Data 3547.113s (1791.285s)	Loss 0.17365 (0.17517)
2023-02-06 11:50:53,013 Epoch: [79][0/2188]	Time 14.359s (14.359s)	Speed 2.2 samples/s	Data 13.043s (13.043s)	Loss 0.17273 (0.17273)
2023-02-06 12:43:48,661 Epoch: [79][2150/2188]	Time 3189.993s (1569.702s)	Speed 0.0 samples/s	Data 3188.709s (1568.500s)	Loss 0.17410 (0.17520)
2023-02-06 12:44:54,421 Epoch: [80][0/2188]	Time 13.048s (13.048s)	Speed 2.5 samples/s	Data 12.030s (12.030s)	Loss 0.17582 (0.17582)
2023-02-06 13:38:01,115 Epoch: [80][2150/2188]	Time 3199.740s (1600.269s)	Speed 0.0 samples/s	Data 3198.596s (1599.138s)	Loss 0.17242 (0.17524)
2023-02-06 14:04:28,117 Epoch: [80]    Loss(0.268)
Driving area Segment: Acc(0.979)    IOU (0.885)    mIOU(0.930)
Lane line Segment: Acc(0.890)    IOU (0.250)  mIOU(0.614)
Detect: P(0.035)  R(0.964)  mAP@0.5(0.825)  mAP@0.5:0.95(0.484)
Time: inference(0.0081s/frame)  nms(0.1046s/frame)
2023-02-06 14:04:28,142 => saving checkpoint to /project/zhanjiao/YOLOP/yolop-two-yolov7/runs/BddDataset/runs_2023-02-03-16-50/epoch-80.pth
2023-02-06 14:04:46,689 Epoch: [81][0/2188]	Time 15.992s (15.992s)	Speed 2.0 samples/s	Data 14.522s (14.522s)	Loss 0.17813 (0.17813)
2023-02-06 14:58:36,555 Epoch: [81][2150/2188]	Time 3245.856s (1650.795s)	Speed 0.0 samples/s	Data 3244.629s (1649.597s)	Loss 0.17348 (0.17517)
2023-02-06 14:59:43,239 Epoch: [82][0/2188]	Time 12.319s (12.319s)	Speed 2.6 samples/s	Data 10.787s (10.787s)	Loss 0.17388 (0.17388)
2023-02-06 15:54:50,096 Epoch: [82][2150/2188]	Time 3319.174s (1681.301s)	Speed 0.0 samples/s	Data 3318.121s (1680.174s)	Loss 0.17241 (0.17499)
2023-02-06 15:55:55,029 Epoch: [83][0/2188]	Time 12.146s (12.146s)	Speed 2.6 samples/s	Data 10.625s (10.625s)	Loss 0.17455 (0.17455)
2023-02-06 16:49:17,415 Epoch: [83][2150/2188]	Time 3214.530s (1623.584s)	Speed 0.0 samples/s	Data 3213.399s (1622.415s)	Loss 0.17311 (0.17506)
2023-02-06 16:50:21,487 Epoch: [84][0/2188]	Time 13.697s (13.697s)	Speed 2.3 samples/s	Data 12.683s (12.683s)	Loss 0.17826 (0.17826)
2023-02-06 17:45:39,058 Epoch: [84][2150/2188]	Time 3331.266s (1664.814s)	Speed 0.0 samples/s	Data 3329.956s (1663.693s)	Loss 0.17274 (0.17500)
2023-02-06 17:46:44,039 Epoch: [85][0/2188]	Time 12.834s (12.834s)	Speed 2.5 samples/s	Data 11.524s (11.524s)	Loss 0.17438 (0.17438)
2023-02-06 18:41:06,435 Epoch: [85][2150/2188]	Time 3275.228s (1648.681s)	Speed 0.0 samples/s	Data 3274.143s (1647.547s)	Loss 0.17295 (0.17497)
2023-02-06 18:42:12,191 Epoch: [86][0/2188]	Time 12.313s (12.313s)	Speed 2.6 samples/s	Data 11.101s (11.101s)	Loss 0.17248 (0.17248)
2023-02-06 19:36:13,573 Epoch: [86][2150/2188]	Time 3253.693s (1647.874s)	Speed 0.0 samples/s	Data 3252.502s (1646.742s)	Loss 0.17538 (0.17495)
2023-02-06 19:37:20,174 Epoch: [87][0/2188]	Time 13.489s (13.489s)	Speed 2.4 samples/s	Data 11.499s (11.499s)	Loss 0.17527 (0.17527)
2023-02-06 20:31:55,963 Epoch: [87][2150/2188]	Time 3289.275s (1645.749s)	Speed 0.0 samples/s	Data 3288.182s (1644.617s)	Loss 0.17642 (0.17490)
2023-02-06 20:33:01,784 Epoch: [88][0/2188]	Time 13.316s (13.316s)	Speed 2.4 samples/s	Data 12.235s (12.235s)	Loss 0.17516 (0.17516)
2023-02-06 21:25:54,590 Epoch: [88][2150/2188]	Time 3186.120s (1611.697s)	Speed 0.0 samples/s	Data 3184.740s (1610.470s)	Loss 0.17635 (0.17486)
2023-02-06 21:26:51,829 Epoch: [89][0/2188]	Time 12.389s (12.389s)	Speed 2.6 samples/s	Data 11.240s (11.240s)	Loss 0.17124 (0.17124)
2023-02-06 22:18:13,901 Epoch: [89][2150/2188]	Time 3094.395s (1544.483s)	Speed 0.0 samples/s	Data 3093.407s (1543.456s)	Loss 0.17798 (0.17479)
2023-02-06 22:19:14,368 Epoch: [90][0/2188]	Time 12.491s (12.491s)	Speed 2.6 samples/s	Data 11.476s (11.476s)	Loss 0.17456 (0.17456)
2023-02-06 23:08:32,234 Epoch: [90][2150/2188]	Time 2970.357s (1494.857s)	Speed 0.0 samples/s	Data 2969.411s (1493.846s)	Loss 0.17256 (0.17479)
2023-02-06 23:09:35,756 Epoch: [91][0/2188]	Time 13.334s (13.334s)	Speed 2.4 samples/s	Data 11.864s (11.864s)	Loss 0.17340 (0.17340)
2023-02-07 00:00:58,520 Epoch: [91][2150/2188]	Time 3096.098s (1550.938s)	Speed 0.0 samples/s	Data 3095.079s (1549.861s)	Loss 0.17274 (0.17461)
2023-02-07 00:02:05,090 Epoch: [92][0/2188]	Time 13.254s (13.254s)	Speed 2.4 samples/s	Data 12.107s (12.107s)	Loss 0.17367 (0.17367)
2023-02-07 00:52:35,251 Epoch: [92][2150/2188]	Time 3043.412s (1539.246s)	Speed 0.0 samples/s	Data 3042.433s (1538.171s)	Loss 0.17330 (0.17471)
2023-02-07 00:53:37,529 Epoch: [93][0/2188]	Time 11.810s (11.810s)	Speed 2.7 samples/s	Data 10.619s (10.619s)	Loss 0.17293 (0.17293)
2023-02-07 01:43:38,867 Epoch: [93][2150/2188]	Time 3013.148s (1516.557s)	Speed 0.0 samples/s	Data 3012.171s (1515.472s)	Loss 0.17548 (0.17456)
2023-02-07 01:44:37,563 Epoch: [94][0/2188]	Time 12.801s (12.801s)	Speed 2.5 samples/s	Data 11.419s (11.419s)	Loss 0.17504 (0.17504)
2023-02-07 02:33:42,028 Epoch: [94][2150/2188]	Time 2957.265s (1477.292s)	Speed 0.0 samples/s	Data 2956.228s (1476.198s)	Loss 0.17468 (0.17457)
2023-02-07 02:34:42,877 Epoch: [95][0/2188]	Time 11.842s (11.842s)	Speed 2.7 samples/s	Data 10.640s (10.640s)	Loss 0.17289 (0.17289)
2023-02-07 03:24:43,685 Epoch: [95][2150/2188]	Time 3012.648s (1510.953s)	Speed 0.0 samples/s	Data 3011.608s (1509.868s)	Loss 0.17469 (0.17449)
2023-02-07 03:25:47,533 Epoch: [96][0/2188]	Time 13.054s (13.054s)	Speed 2.5 samples/s	Data 11.960s (11.960s)	Loss 0.17597 (0.17597)
2023-02-07 04:15:46,325 Epoch: [96][2150/2188]	Time 3011.846s (1517.708s)	Speed 0.0 samples/s	Data 3010.775s (1516.615s)	Loss 0.17402 (0.17460)
2023-02-07 04:16:45,038 Epoch: [97][0/2188]	Time 12.142s (12.142s)	Speed 2.6 samples/s	Data 11.003s (11.003s)	Loss 0.17139 (0.17139)
2023-02-07 05:05:35,569 Epoch: [97][2150/2188]	Time 2942.673s (1479.902s)	Speed 0.0 samples/s	Data 2940.831s (1478.712s)	Loss 0.17364 (0.17447)
2023-02-07 05:06:35,328 Epoch: [98][0/2188]	Time 13.243s (13.243s)	Speed 2.4 samples/s	Data 11.755s (11.755s)	Loss 0.17192 (0.17192)
2023-02-07 05:56:36,918 Epoch: [98][2150/2188]	Time 3014.832s (1516.637s)	Speed 0.0 samples/s	Data 3013.567s (1515.550s)	Loss 0.17213 (0.17443)
2023-02-07 05:57:39,769 Epoch: [99][0/2188]	Time 13.359s (13.359s)	Speed 2.4 samples/s	Data 12.244s (12.244s)	Loss 0.17510 (0.17510)
2023-02-07 06:47:08,083 Epoch: [99][2150/2188]	Time 2981.672s (1501.497s)	Speed 0.0 samples/s	Data 2980.670s (1500.398s)	Loss 0.17474 (0.17439)
2023-02-07 06:48:04,226 Epoch: [100][0/2188]	Time 12.023s (12.023s)	Speed 2.7 samples/s	Data 10.877s (10.877s)	Loss 0.17361 (0.17361)
2023-02-07 07:37:11,848 Epoch: [100][2150/2188]	Time 2959.646s (1488.002s)	Speed 0.0 samples/s	Data 2958.638s (1486.906s)	Loss 0.17523 (0.17440)
2023-02-07 07:55:12,308 Epoch: [100]    Loss(0.268)
Driving area Segment: Acc(0.979)    IOU (0.883)    mIOU(0.929)
Lane line Segment: Acc(0.888)    IOU (0.257)  mIOU(0.618)
Detect: P(0.035)  R(0.963)  mAP@0.5(0.828)  mAP@0.5:0.95(0.485)
Time: inference(0.0071s/frame)  nms(0.0607s/frame)
2023-02-07 07:55:12,311 => saving checkpoint to /project/zhanjiao/YOLOP/yolop-two-yolov7/runs/BddDataset/runs_2023-02-03-16-50/epoch-100.pth
2023-02-07 07:55:27,171 Epoch: [101][0/2188]	Time 12.726s (12.726s)	Speed 2.5 samples/s	Data 10.925s (10.925s)	Loss 0.17516 (0.17516)
2023-02-07 08:41:42,039 Epoch: [101][2150/2188]	Time 2787.594s (1404.014s)	Speed 0.0 samples/s	Data 2786.477s (1402.738s)	Loss 0.17368 (0.17424)
2023-02-07 08:42:36,682 Epoch: [102][0/2188]	Time 12.305s (12.305s)	Speed 2.6 samples/s	Data 10.644s (10.644s)	Loss 0.17151 (0.17151)
2023-02-07 09:32:33,801 Epoch: [102][2150/2188]	Time 3009.422s (1517.670s)	Speed 0.0 samples/s	Data 3008.043s (1516.424s)	Loss 0.17185 (0.17426)
2023-02-07 09:33:33,950 Epoch: [103][0/2188]	Time 13.022s (13.022s)	Speed 2.5 samples/s	Data 11.395s (11.395s)	Loss 0.17448 (0.17448)
2023-02-07 10:24:01,690 Epoch: [103][2150/2188]	Time 3040.759s (1534.350s)	Speed 0.0 samples/s	Data 3039.749s (1533.142s)	Loss 0.17504 (0.17430)
2023-02-07 10:25:01,768 Epoch: [104][0/2188]	Time 12.712s (12.712s)	Speed 2.5 samples/s	Data 11.635s (11.635s)	Loss 0.17394 (0.17394)
2023-02-07 11:16:03,961 Epoch: [104][2150/2188]	Time 3074.903s (1553.198s)	Speed 0.0 samples/s	Data 3073.903s (1552.111s)	Loss 0.17353 (0.17427)
2023-02-07 11:17:06,828 Epoch: [105][0/2188]	Time 12.288s (12.288s)	Speed 2.6 samples/s	Data 10.811s (10.811s)	Loss 0.17314 (0.17314)
2023-02-07 12:07:17,536 Epoch: [105][2150/2188]	Time 3022.995s (1521.748s)	Speed 0.0 samples/s	Data 3021.925s (1520.651s)	Loss 0.17352 (0.17419)
2023-02-07 12:08:13,691 Epoch: [106][0/2188]	Time 11.264s (11.264s)	Speed 2.8 samples/s	Data 10.089s (10.089s)	Loss 0.17364 (0.17364)
2023-02-07 12:57:40,113 Epoch: [106][2150/2188]	Time 2977.686s (1494.025s)	Speed 0.0 samples/s	Data 2976.598s (1492.924s)	Loss 0.17417 (0.17418)
2023-02-07 12:58:43,639 Epoch: [107][0/2188]	Time 13.574s (13.574s)	Speed 2.4 samples/s	Data 11.647s (11.647s)	Loss 0.17596 (0.17596)
2023-02-07 13:48:08,211 Epoch: [107][2150/2188]	Time 2978.145s (1492.144s)	Speed 0.0 samples/s	Data 2977.038s (1491.049s)	Loss 0.17688 (0.17402)
2023-02-07 13:49:07,937 Epoch: [108][0/2188]	Time 12.315s (12.315s)	Speed 2.6 samples/s	Data 11.176s (11.176s)	Loss 0.17514 (0.17514)
2023-02-07 14:39:21,882 Epoch: [108][2150/2188]	Time 3026.260s (1508.389s)	Speed 0.0 samples/s	Data 3025.053s (1507.297s)	Loss 0.17699 (0.17409)
2023-02-07 14:40:23,001 Epoch: [109][0/2188]	Time 13.942s (13.942s)	Speed 2.3 samples/s	Data 12.664s (12.664s)	Loss 0.17443 (0.17443)
2023-02-07 15:31:32,829 Epoch: [109][2150/2188]	Time 3083.761s (1537.717s)	Speed 0.0 samples/s	Data 3082.732s (1536.634s)	Loss 0.17293 (0.17409)
2023-02-07 15:32:36,827 Epoch: [110][0/2188]	Time 14.502s (14.502s)	Speed 2.2 samples/s	Data 13.368s (13.368s)	Loss 0.17525 (0.17525)
2023-02-07 16:25:40,031 Epoch: [110][2150/2188]	Time 3197.705s (1594.954s)	Speed 0.0 samples/s	Data 3196.735s (1593.875s)	Loss 0.17487 (0.17398)
2023-02-07 16:26:51,502 Epoch: [111][0/2188]	Time 14.302s (14.302s)	Speed 2.2 samples/s	Data 12.767s (12.767s)	Loss 0.17360 (0.17360)
2023-02-07 17:18:33,284 Epoch: [111][2150/2188]	Time 3116.083s (1562.380s)	Speed 0.0 samples/s	Data 3114.929s (1561.166s)	Loss 0.17137 (0.17390)
2023-02-07 17:19:35,041 Epoch: [112][0/2188]	Time 13.368s (13.368s)	Speed 2.4 samples/s	Data 12.293s (12.293s)	Loss 0.17466 (0.17466)
2023-02-07 18:09:24,975 Epoch: [112][2150/2188]	Time 3003.302s (1536.784s)	Speed 0.0 samples/s	Data 3001.939s (1535.594s)	Loss 0.17326 (0.17385)
2023-02-07 18:10:30,153 Epoch: [113][0/2188]	Time 13.524s (13.524s)	Speed 2.4 samples/s	Data 12.057s (12.057s)	Loss 0.17227 (0.17227)
2023-02-07 18:58:41,273 Epoch: [113][2150/2188]	Time 2904.644s (1450.951s)	Speed 0.0 samples/s	Data 2903.677s (1449.741s)	Loss 0.17153 (0.17379)
2023-02-07 18:59:40,649 Epoch: [114][0/2188]	Time 12.373s (12.373s)	Speed 2.6 samples/s	Data 11.255s (11.255s)	Loss 0.17439 (0.17439)
2023-02-07 19:48:27,893 Epoch: [114][2150/2188]	Time 2939.616s (1491.012s)	Speed 0.0 samples/s	Data 2938.376s (1489.887s)	Loss 0.17163 (0.17378)
2023-02-07 19:49:22,602 Epoch: [115][0/2188]	Time 12.723s (12.723s)	Speed 2.5 samples/s	Data 11.577s (11.577s)	Loss 0.17581 (0.17581)
2023-02-07 20:35:20,155 Epoch: [115][2150/2188]	Time 2770.275s (1389.780s)	Speed 0.0 samples/s	Data 2769.068s (1388.498s)	Loss 0.17305 (0.17381)
2023-02-07 20:36:16,896 Epoch: [116][0/2188]	Time 13.535s (13.535s)	Speed 2.4 samples/s	Data 12.015s (12.015s)	Loss 0.17292 (0.17292)
2023-02-07 21:23:19,809 Epoch: [116][2150/2188]	Time 2836.447s (1427.603s)	Speed 0.0 samples/s	Data 2835.223s (1426.332s)	Loss 0.17598 (0.17375)
2023-02-07 21:24:16,455 Epoch: [117][0/2188]	Time 12.388s (12.388s)	Speed 2.6 samples/s	Data 10.341s (10.341s)	Loss 0.16981 (0.16981)
2023-02-07 22:10:34,502 Epoch: [117][2150/2188]	Time 2790.425s (1398.746s)	Speed 0.0 samples/s	Data 2789.389s (1397.457s)	Loss 0.16943 (0.17365)
2023-02-07 22:11:36,011 Epoch: [118][0/2188]	Time 12.807s (12.807s)	Speed 2.5 samples/s	Data 11.388s (11.388s)	Loss 0.17518 (0.17518)
2023-02-07 23:01:00,237 Epoch: [118][2150/2188]	Time 2977.032s (1504.532s)	Speed 0.0 samples/s	Data 2976.020s (1503.434s)	Loss 0.17166 (0.17372)
2023-02-07 23:01:59,618 Epoch: [119][0/2188]	Time 11.853s (11.853s)	Speed 2.7 samples/s	Data 10.704s (10.704s)	Loss 0.17431 (0.17431)
2023-02-07 23:50:40,386 Epoch: [119][2150/2188]	Time 2932.586s (1481.059s)	Speed 0.0 samples/s	Data 2931.585s (1479.961s)	Loss 0.17533 (0.17371)
2023-02-07 23:51:33,209 Epoch: [120][0/2188]	Time 11.034s (11.034s)	Speed 2.9 samples/s	Data 9.745s (9.745s)	Loss 0.16917 (0.16917)
2023-02-08 00:35:54,813 Epoch: [120][2150/2188]	Time 2672.637s (1330.277s)	Speed 0.0 samples/s	Data 2671.630s (1329.301s)	Loss 0.17683 (0.17363)
2023-02-08 00:51:08,960 Epoch: [120]    Loss(0.268)
Driving area Segment: Acc(0.979)    IOU (0.887)    mIOU(0.931)
Lane line Segment: Acc(0.881)    IOU (0.265)  mIOU(0.622)
Detect: P(0.035)  R(0.965)  mAP@0.5(0.833)  mAP@0.5:0.95(0.489)
Time: inference(0.0064s/frame)  nms(0.0547s/frame)
2023-02-08 00:51:08,962 => saving checkpoint to /project/zhanjiao/YOLOP/yolop-two-yolov7/runs/BddDataset/runs_2023-02-03-16-50/epoch-120.pth
2023-02-08 00:51:23,507 Epoch: [121][0/2188]	Time 12.549s (12.549s)	Speed 2.5 samples/s	Data 11.358s (11.358s)	Loss 0.16926 (0.16926)
2023-02-08 01:36:53,349 Epoch: [121][2150/2188]	Time 2742.390s (1382.309s)	Speed 0.0 samples/s	Data 2741.413s (1381.358s)	Loss 0.17569 (0.17357)
2023-02-08 01:37:55,001 Epoch: [122][0/2188]	Time 11.861s (11.861s)	Speed 2.7 samples/s	Data 10.789s (10.789s)	Loss 0.17032 (0.17032)
2023-02-08 02:25:36,542 Epoch: [122][2150/2188]	Time 2873.401s (1413.848s)	Speed 0.0 samples/s	Data 2872.358s (1412.808s)	Loss 0.17208 (0.17354)
2023-02-08 02:26:38,714 Epoch: [123][0/2188]	Time 11.713s (11.713s)	Speed 2.7 samples/s	Data 10.528s (10.528s)	Loss 0.17355 (0.17355)
2023-02-08 03:16:10,360 Epoch: [123][2150/2188]	Time 2983.359s (1502.283s)	Speed 0.0 samples/s	Data 2982.363s (1501.189s)	Loss 0.17562 (0.17360)
2023-02-08 03:17:11,984 Epoch: [124][0/2188]	Time 10.905s (10.905s)	Speed 2.9 samples/s	Data 9.821s (9.821s)	Loss 0.17008 (0.17008)
2023-02-08 04:06:35,164 Epoch: [124][2150/2188]	Time 2974.084s (1486.252s)	Speed 0.0 samples/s	Data 2972.962s (1485.156s)	Loss 0.17186 (0.17338)
2023-02-08 04:07:33,799 Epoch: [125][0/2188]	Time 12.795s (12.795s)	Speed 2.5 samples/s	Data 11.682s (11.682s)	Loss 0.17622 (0.17622)
2023-02-08 04:52:31,116 Epoch: [125][2150/2188]	Time 2710.112s (1372.648s)	Speed 0.0 samples/s	Data 2709.072s (1371.683s)	Loss 0.17075 (0.17341)
2023-02-08 04:53:31,106 Epoch: [126][0/2188]	Time 12.009s (12.009s)	Speed 2.7 samples/s	Data 10.733s (10.733s)	Loss 0.17104 (0.17104)
2023-02-08 05:38:18,783 Epoch: [126][2150/2188]	Time 2699.686s (1364.455s)	Speed 0.0 samples/s	Data 2698.553s (1363.388s)	Loss 0.17656 (0.17337)
2023-02-08 05:39:18,022 Epoch: [127][0/2188]	Time 12.773s (12.773s)	Speed 2.5 samples/s	Data 11.112s (11.112s)	Loss 0.17634 (0.17634)
2023-02-08 06:24:26,263 Epoch: [127][2150/2188]	Time 2721.014s (1344.135s)	Speed 0.0 samples/s	Data 2720.078s (1343.100s)	Loss 0.16992 (0.17339)
2023-02-08 06:25:25,066 Epoch: [128][0/2188]	Time 12.260s (12.260s)	Speed 2.6 samples/s	Data 11.137s (11.137s)	Loss 0.17636 (0.17636)
2023-02-08 07:14:15,826 Epoch: [128][2150/2188]	Time 2943.020s (1471.376s)	Speed 0.0 samples/s	Data 2942.037s (1470.337s)	Loss 0.17190 (0.17323)
2023-02-08 07:15:17,306 Epoch: [129][0/2188]	Time 12.264s (12.264s)	Speed 2.6 samples/s	Data 11.166s (11.166s)	Loss 0.16917 (0.16917)
2023-02-08 08:03:52,309 Epoch: [129][2150/2188]	Time 2927.266s (1472.851s)	Speed 0.0 samples/s	Data 2926.296s (1471.811s)	Loss 0.17634 (0.17330)
2023-02-08 08:04:47,650 Epoch: [130][0/2188]	Time 10.973s (10.973s)	Speed 2.9 samples/s	Data 9.809s (9.809s)	Loss 0.17124 (0.17124)
2023-02-08 08:53:48,469 Epoch: [130][2150/2188]	Time 2951.791s (1483.734s)	Speed 0.0 samples/s	Data 2950.680s (1482.698s)	Loss 0.17246 (0.17320)
2023-02-08 08:54:48,192 Epoch: [131][0/2188]	Time 11.736s (11.736s)	Speed 2.7 samples/s	Data 10.350s (10.350s)	Loss 0.17253 (0.17253)
2023-02-08 09:43:33,827 Epoch: [131][2150/2188]	Time 2937.369s (1473.390s)	Speed 0.0 samples/s	Data 2936.198s (1472.348s)	Loss 0.17677 (0.17318)
2023-02-08 09:44:32,620 Epoch: [132][0/2188]	Time 12.519s (12.519s)	Speed 2.6 samples/s	Data 11.439s (11.439s)	Loss 0.16913 (0.16913)
2023-02-08 10:34:20,547 Epoch: [132][2150/2188]	Time 3000.445s (1488.481s)	Speed 0.0 samples/s	Data 2999.413s (1487.460s)	Loss 0.17717 (0.17321)
2023-02-08 10:35:21,869 Epoch: [133][0/2188]	Time 11.961s (11.961s)	Speed 2.7 samples/s	Data 10.838s (10.838s)	Loss 0.17315 (0.17315)
2023-02-08 11:26:49,397 Epoch: [133][2150/2188]	Time 3099.486s (1553.765s)	Speed 0.0 samples/s	Data 3098.497s (1552.732s)	Loss 0.17020 (0.17311)
2023-02-08 11:27:53,886 Epoch: [134][0/2188]	Time 13.860s (13.860s)	Speed 2.3 samples/s	Data 11.509s (11.509s)	Loss 0.17087 (0.17087)
2023-02-08 12:18:59,054 Epoch: [134][2150/2188]	Time 3079.028s (1551.497s)	Speed 0.0 samples/s	Data 3078.060s (1550.461s)	Loss 0.17196 (0.17306)
2023-02-08 12:20:08,346 Epoch: [135][0/2188]	Time 14.355s (14.355s)	Speed 2.2 samples/s	Data 13.019s (13.019s)	Loss 0.17648 (0.17648)
2023-02-08 13:12:11,333 Epoch: [135][2150/2188]	Time 3137.339s (1569.693s)	Speed 0.0 samples/s	Data 3136.447s (1568.656s)	Loss 0.17536 (0.17304)
2023-02-08 13:13:21,306 Epoch: [136][0/2188]	Time 12.970s (12.970s)	Speed 2.5 samples/s	Data 11.252s (11.252s)	Loss 0.16957 (0.16957)
2023-02-08 14:04:35,415 Epoch: [136][2150/2188]	Time 3087.078s (1559.110s)	Speed 0.0 samples/s	Data 3086.188s (1558.028s)	Loss 0.16976 (0.17304)
2023-02-08 14:05:41,180 Epoch: [137][0/2188]	Time 12.402s (12.402s)	Speed 2.6 samples/s	Data 11.295s (11.295s)	Loss 0.17397 (0.17397)
2023-02-08 14:58:02,480 Epoch: [137][2150/2188]	Time 3153.699s (1587.110s)	Speed 0.0 samples/s	Data 3152.707s (1586.034s)	Loss 0.17391 (0.17304)
2023-02-08 14:59:10,096 Epoch: [138][0/2188]	Time 12.970s (12.970s)	Speed 2.5 samples/s	Data 11.951s (11.951s)	Loss 0.17357 (0.17357)
2023-02-08 15:51:49,061 Epoch: [138][2150/2188]	Time 3171.933s (1587.427s)	Speed 0.0 samples/s	Data 3170.749s (1586.340s)	Loss 0.17360 (0.17295)
2023-02-08 15:52:54,837 Epoch: [139][0/2188]	Time 13.640s (13.640s)	Speed 2.3 samples/s	Data 12.622s (12.622s)	Loss 0.17091 (0.17091)
2023-02-08 16:44:42,327 Epoch: [139][2150/2188]	Time 3121.117s (1558.054s)	Speed 0.0 samples/s	Data 3119.183s (1556.949s)	Loss 0.17169 (0.17295)
2023-02-08 16:45:48,869 Epoch: [140][0/2188]	Time 13.402s (13.402s)	Speed 2.4 samples/s	Data 12.174s (12.174s)	Loss 0.17302 (0.17302)
2023-02-08 17:40:42,405 Epoch: [140][2150/2188]	Time 3306.936s (1649.034s)	Speed 0.0 samples/s	Data 3305.991s (1647.949s)	Loss 0.17123 (0.17286)
2023-02-08 18:00:09,593 Epoch: [140]    Loss(0.267)
Driving area Segment: Acc(0.979)    IOU (0.887)    mIOU(0.931)
Lane line Segment: Acc(0.886)    IOU (0.268)  mIOU(0.624)
Detect: P(0.035)  R(0.966)  mAP@0.5(0.836)  mAP@0.5:0.95(0.496)
Time: inference(0.0076s/frame)  nms(0.0722s/frame)
2023-02-08 18:00:09,609 => saving checkpoint to /project/zhanjiao/YOLOP/yolop-two-yolov7/runs/BddDataset/runs_2023-02-03-16-50/epoch-140.pth
2023-02-08 18:00:25,580 Epoch: [141][0/2188]	Time 13.427s (13.427s)	Speed 2.4 samples/s	Data 12.121s (12.121s)	Loss 0.17108 (0.17108)
2023-02-08 18:53:20,415 Epoch: [141][2150/2188]	Time 3188.260s (1606.420s)	Speed 0.0 samples/s	Data 3186.643s (1605.334s)	Loss 0.16989 (0.17285)
2023-02-08 18:54:22,863 Epoch: [142][0/2188]	Time 13.102s (13.102s)	Speed 2.4 samples/s	Data 11.896s (11.896s)	Loss 0.17150 (0.17150)
2023-02-08 19:48:42,141 Epoch: [142][2150/2188]	Time 3272.378s (1657.938s)	Speed 0.0 samples/s	Data 3271.274s (1656.866s)	Loss 0.17354 (0.17279)
2023-02-08 19:49:46,741 Epoch: [143][0/2188]	Time 12.693s (12.693s)	Speed 2.5 samples/s	Data 11.531s (11.531s)	Loss 0.16775 (0.16775)
2023-02-08 20:43:22,086 Epoch: [143][2150/2188]	Time 3228.035s (1634.169s)	Speed 0.0 samples/s	Data 3227.043s (1633.062s)	Loss 0.17222 (0.17282)
2023-02-08 20:44:25,278 Epoch: [144][0/2188]	Time 14.374s (14.374s)	Speed 2.2 samples/s	Data 12.515s (12.515s)	Loss 0.17403 (0.17403)
2023-02-08 21:37:16,511 Epoch: [144][2150/2188]	Time 3185.603s (1605.639s)	Speed 0.0 samples/s	Data 3184.592s (1604.538s)	Loss 0.17047 (0.17270)
2023-02-08 21:38:27,274 Epoch: [145][0/2188]	Time 15.930s (15.930s)	Speed 2.0 samples/s	Data 14.011s (14.011s)	Loss 0.17502 (0.17502)
2023-02-08 22:35:08,351 Epoch: [145][2150/2188]	Time 3417.005s (1728.084s)	Speed 0.0 samples/s	Data 3415.896s (1727.019s)	Loss 0.17328 (0.17271)
2023-02-08 22:36:20,694 Epoch: [146][0/2188]	Time 14.041s (14.041s)	Speed 2.3 samples/s	Data 12.889s (12.889s)	Loss 0.17344 (0.17344)
2023-02-08 23:31:44,328 Epoch: [146][2150/2188]	Time 3337.674s (1667.342s)	Speed 0.0 samples/s	Data 3336.306s (1666.259s)	Loss 0.17318 (0.17269)
2023-02-08 23:32:53,828 Epoch: [147][0/2188]	Time 18.033s (18.033s)	Speed 1.8 samples/s	Data 17.108s (17.108s)	Loss 0.17153 (0.17153)
2023-02-09 00:28:12,741 Epoch: [147][2150/2188]	Time 3336.944s (1687.918s)	Speed 0.0 samples/s	Data 3335.875s (1686.845s)	Loss 0.17410 (0.17264)
2023-02-09 00:29:19,917 Epoch: [148][0/2188]	Time 15.348s (15.348s)	Speed 2.1 samples/s	Data 13.736s (13.736s)	Loss 0.17841 (0.17841)
2023-02-09 01:21:27,240 Epoch: [148][2150/2188]	Time 3142.670s (1580.126s)	Speed 0.0 samples/s	Data 3141.752s (1579.044s)	Loss 0.17233 (0.17254)
2023-02-09 01:22:35,747 Epoch: [149][0/2188]	Time 14.582s (14.582s)	Speed 2.2 samples/s	Data 13.338s (13.338s)	Loss 0.17366 (0.17366)
2023-02-09 02:14:49,667 Epoch: [149][2150/2188]	Time 3148.502s (1582.754s)	Speed 0.0 samples/s	Data 3147.491s (1581.667s)	Loss 0.17155 (0.17248)
2023-02-09 02:15:54,079 Epoch: [150][0/2188]	Time 13.625s (13.625s)	Speed 2.3 samples/s	Data 12.300s (12.300s)	Loss 0.17169 (0.17169)
2023-02-09 03:10:39,665 Epoch: [150][2150/2188]	Time 3299.208s (1691.868s)	Speed 0.0 samples/s	Data 3297.741s (1690.762s)	Loss 0.17510 (0.17253)
2023-02-09 03:11:43,113 Epoch: [151][0/2188]	Time 12.096s (12.096s)	Speed 2.6 samples/s	Data 10.354s (10.354s)	Loss 0.16985 (0.16985)
2023-02-09 04:04:55,967 Epoch: [151][2150/2188]	Time 3204.949s (1593.633s)	Speed 0.0 samples/s	Data 3204.017s (1592.550s)	Loss 0.17111 (0.17257)
2023-02-09 04:06:04,444 Epoch: [152][0/2188]	Time 12.239s (12.239s)	Speed 2.6 samples/s	Data 11.156s (11.156s)	Loss 0.17044 (0.17044)
2023-02-09 04:58:32,132 Epoch: [152][2150/2188]	Time 3159.923s (1590.319s)	Speed 0.0 samples/s	Data 3158.918s (1589.243s)	Loss 0.17402 (0.17250)
2023-02-09 04:59:42,125 Epoch: [153][0/2188]	Time 13.534s (13.534s)	Speed 2.4 samples/s	Data 12.175s (12.175s)	Loss 0.17259 (0.17259)
2023-02-09 05:53:53,354 Epoch: [153][2150/2188]	Time 3264.760s (1665.446s)	Speed 0.0 samples/s	Data 3263.838s (1664.376s)	Loss 0.17226 (0.17241)
2023-02-09 05:54:57,528 Epoch: [154][0/2188]	Time 14.174s (14.174s)	Speed 2.3 samples/s	Data 13.137s (13.137s)	Loss 0.17090 (0.17090)
2023-02-09 06:46:23,253 Epoch: [154][2150/2188]	Time 3099.896s (1555.236s)	Speed 0.0 samples/s	Data 3098.764s (1554.146s)	Loss 0.17493 (0.17245)
2023-02-09 06:47:25,448 Epoch: [155][0/2188]	Time 11.498s (11.498s)	Speed 2.8 samples/s	Data 10.383s (10.383s)	Loss 0.16989 (0.16989)
2023-02-09 07:40:20,988 Epoch: [155][2150/2188]	Time 3187.036s (1596.816s)	Speed 0.0 samples/s	Data 3186.022s (1595.722s)	Loss 0.17316 (0.17238)
2023-02-09 07:41:25,786 Epoch: [156][0/2188]	Time 12.117s (12.117s)	Speed 2.6 samples/s	Data 10.996s (10.996s)	Loss 0.17178 (0.17178)
2023-02-09 08:33:58,669 Epoch: [156][2150/2188]	Time 3164.998s (1596.045s)	Speed 0.0 samples/s	Data 3163.977s (1594.959s)	Loss 0.16808 (0.17240)
2023-02-09 08:35:01,877 Epoch: [157][0/2188]	Time 13.295s (13.295s)	Speed 2.4 samples/s	Data 12.024s (12.024s)	Loss 0.17025 (0.17025)
2023-02-09 09:27:27,388 Epoch: [157][2150/2188]	Time 3158.806s (1609.298s)	Speed 0.0 samples/s	Data 3157.849s (1608.211s)	Loss 0.17280 (0.17233)
2023-02-09 09:28:31,705 Epoch: [158][0/2188]	Time 12.534s (12.534s)	Speed 2.6 samples/s	Data 11.458s (11.458s)	Loss 0.17311 (0.17311)
2023-02-09 10:15:09,287 Epoch: [158][2150/2188]	Time 2810.105s (1402.459s)	Speed 0.0 samples/s	Data 2809.021s (1401.471s)	Loss 0.17849 (0.17228)
2023-02-09 10:16:10,794 Epoch: [159][0/2188]	Time 11.841s (11.841s)	Speed 2.7 samples/s	Data 10.540s (10.540s)	Loss 0.17049 (0.17049)
2023-02-09 11:03:41,136 Epoch: [159][2150/2188]	Time 2862.175s (1443.192s)	Speed 0.0 samples/s	Data 2861.271s (1442.154s)	Loss 0.17240 (0.17220)
2023-02-09 11:04:40,354 Epoch: [160][0/2188]	Time 11.647s (11.647s)	Speed 2.7 samples/s	Data 10.573s (10.573s)	Loss 0.17072 (0.17072)
2023-02-09 11:54:12,934 Epoch: [160][2150/2188]	Time 2984.213s (1497.136s)	Speed 0.0 samples/s	Data 2983.149s (1496.103s)	Loss 0.17064 (0.17224)
2023-02-09 12:12:04,485 Epoch: [160]    Loss(0.267)
Driving area Segment: Acc(0.979)    IOU (0.887)    mIOU(0.931)
Lane line Segment: Acc(0.887)    IOU (0.270)  mIOU(0.625)
Detect: P(0.035)  R(0.969)  mAP@0.5(0.840)  mAP@0.5:0.95(0.499)
Time: inference(0.0070s/frame)  nms(0.0677s/frame)
2023-02-09 12:12:04,486 => saving checkpoint to /project/zhanjiao/YOLOP/yolop-two-yolov7/runs/BddDataset/runs_2023-02-03-16-50/epoch-160.pth
2023-02-09 12:12:20,686 Epoch: [161][0/2188]	Time 13.721s (13.721s)	Speed 2.3 samples/s	Data 12.643s (12.643s)	Loss 0.17248 (0.17248)
2023-02-09 13:03:42,811 Epoch: [161][2150/2188]	Time 3095.846s (1577.040s)	Speed 0.0 samples/s	Data 3094.934s (1576.058s)	Loss 0.17006 (0.17217)
2023-02-09 13:04:48,732 Epoch: [162][0/2188]	Time 14.259s (14.259s)	Speed 2.2 samples/s	Data 13.288s (13.288s)	Loss 0.17605 (0.17605)
2023-02-09 13:54:23,821 Epoch: [162][2150/2188]	Time 2989.348s (1476.602s)	Speed 0.0 samples/s	Data 2988.373s (1475.624s)	Loss 0.17181 (0.17221)
2023-02-09 14:10:22,956 Epoch: [162]    Loss(0.267)
Driving area Segment: Acc(0.979)    IOU (0.886)    mIOU(0.931)
Lane line Segment: Acc(0.876)    IOU (0.276)  mIOU(0.629)
Detect: P(0.035)  R(0.966)  mAP@0.5(0.838)  mAP@0.5:0.95(0.496)
Time: inference(0.0065s/frame)  nms(0.0586s/frame)
2023-02-09 14:10:22,958 => saving checkpoint to /project/zhanjiao/YOLOP/yolop-two-yolov7/runs/BddDataset/runs_2023-02-03-16-50/epoch-162.pth
2023-02-09 14:10:38,492 Epoch: [163][0/2188]	Time 13.245s (13.245s)	Speed 2.4 samples/s	Data 12.008s (12.008s)	Loss 0.17233 (0.17233)
2023-02-09 15:01:20,207 Epoch: [163][2150/2188]	Time 3054.959s (1531.939s)	Speed 0.0 samples/s	Data 3053.804s (1530.937s)	Loss 0.17228 (0.17212)
2023-02-09 15:02:24,014 Epoch: [164][0/2188]	Time 12.823s (12.823s)	Speed 2.5 samples/s	Data 11.663s (11.663s)	Loss 0.17147 (0.17147)
2023-02-09 15:50:46,070 Epoch: [164][2150/2188]	Time 2914.848s (1466.331s)	Speed 0.0 samples/s	Data 2913.776s (1465.328s)	Loss 0.17018 (0.17214)
2023-02-09 15:51:51,882 Epoch: [165][0/2188]	Time 13.668s (13.668s)	Speed 2.3 samples/s	Data 12.653s (12.653s)	Loss 0.16968 (0.16968)
2023-02-09 16:43:19,845 Epoch: [165][2150/2188]	Time 3101.630s (1597.809s)	Speed 0.0 samples/s	Data 3100.687s (1596.793s)	Loss 0.17634 (0.17201)
2023-02-09 17:00:02,582 Epoch: [165]    Loss(0.267)
Driving area Segment: Acc(0.979)    IOU (0.888)    mIOU(0.931)
Lane line Segment: Acc(0.882)    IOU (0.274)  mIOU(0.627)
Detect: P(0.035)  R(0.967)  mAP@0.5(0.839)  mAP@0.5:0.95(0.496)
Time: inference(0.0066s/frame)  nms(0.0622s/frame)
2023-02-09 17:00:02,583 => saving checkpoint to /project/zhanjiao/YOLOP/yolop-two-yolov7/runs/BddDataset/runs_2023-02-03-16-50/epoch-165.pth
2023-02-09 17:00:19,424 Epoch: [166][0/2188]	Time 14.660s (14.660s)	Speed 2.2 samples/s	Data 13.574s (13.574s)	Loss 0.17360 (0.17360)
2023-02-09 17:52:43,472 Epoch: [166][2150/2188]	Time 3158.693s (1607.814s)	Speed 0.0 samples/s	Data 3157.643s (1606.674s)	Loss 0.17317 (0.17208)
2023-02-09 17:53:53,508 Epoch: [167][0/2188]	Time 14.502s (14.502s)	Speed 2.2 samples/s	Data 13.286s (13.286s)	Loss 0.17174 (0.17174)
2023-02-09 18:45:17,495 Epoch: [167][2150/2188]	Time 3098.488s (1568.806s)	Speed 0.0 samples/s	Data 3097.470s (1567.602s)	Loss 0.17005 (0.17207)
2023-02-09 19:12:43,653 Epoch: [167]    Loss(0.268)
Driving area Segment: Acc(0.979)    IOU (0.887)    mIOU(0.931)
Lane line Segment: Acc(0.883)    IOU (0.273)  mIOU(0.627)
Detect: P(0.035)  R(0.968)  mAP@0.5(0.840)  mAP@0.5:0.95(0.495)
Time: inference(0.0079s/frame)  nms(0.1138s/frame)
2023-02-09 19:12:43,654 => saving checkpoint to /project/zhanjiao/YOLOP/yolop-two-yolov7/runs/BddDataset/runs_2023-02-03-16-50/epoch-167.pth
2023-02-09 19:13:02,538 Epoch: [168][0/2188]	Time 16.288s (16.288s)	Speed 2.0 samples/s	Data 14.893s (14.893s)	Loss 0.17493 (0.17493)
2023-02-09 20:03:11,366 Epoch: [168][2150/2188]	Time 3025.115s (1564.225s)	Speed 0.0 samples/s	Data 3023.465s (1562.964s)	Loss 0.17163 (0.17199)
2023-02-09 20:04:09,773 Epoch: [169][0/2188]	Time 13.411s (13.411s)	Speed 2.4 samples/s	Data 12.274s (12.274s)	Loss 0.17104 (0.17104)
2023-02-09 20:52:41,524 Epoch: [169][2150/2188]	Time 2925.160s (1459.357s)	Speed 0.0 samples/s	Data 2924.089s (1458.207s)	Loss 0.17092 (0.17191)
2023-02-09 20:53:40,535 Epoch: [170][0/2188]	Time 12.812s (12.812s)	Speed 2.5 samples/s	Data 11.405s (11.405s)	Loss 0.17206 (0.17206)
2023-02-09 21:38:10,675 Epoch: [170][2150/2188]	Time 2682.942s (1361.664s)	Speed 0.0 samples/s	Data 2681.984s (1360.629s)	Loss 0.17432 (0.17188)
2023-02-09 21:54:27,499 Epoch: [170]    Loss(0.267)
Driving area Segment: Acc(0.979)    IOU (0.887)    mIOU(0.931)
Lane line Segment: Acc(0.884)    IOU (0.273)  mIOU(0.627)
Detect: P(0.035)  R(0.969)  mAP@0.5(0.841)  mAP@0.5:0.95(0.497)
Time: inference(0.0067s/frame)  nms(0.0592s/frame)
2023-02-09 21:54:27,500 => saving checkpoint to /project/zhanjiao/YOLOP/yolop-two-yolov7/runs/BddDataset/runs_2023-02-03-16-50/epoch-170.pth
2023-02-09 21:54:42,624 Epoch: [171][0/2188]	Time 12.907s (12.907s)	Speed 2.5 samples/s	Data 11.904s (11.904s)	Loss 0.17035 (0.17035)
2023-02-09 22:41:22,468 Epoch: [171][2150/2188]	Time 2812.721s (1437.359s)	Speed 0.0 samples/s	Data 2811.809s (1436.412s)	Loss 0.17083 (0.17193)
2023-02-09 22:42:20,503 Epoch: [172][0/2188]	Time 12.032s (12.032s)	Speed 2.7 samples/s	Data 10.914s (10.914s)	Loss 0.17106 (0.17106)
2023-02-09 23:30:46,596 Epoch: [172][2150/2188]	Time 2918.124s (1469.741s)	Speed 0.0 samples/s	Data 2917.257s (1468.736s)	Loss 0.17065 (0.17185)
2023-02-09 23:46:25,002 Epoch: [172]    Loss(0.267)
Driving area Segment: Acc(0.979)    IOU (0.886)    mIOU(0.931)
Lane line Segment: Acc(0.886)    IOU (0.272)  mIOU(0.626)
Detect: P(0.035)  R(0.969)  mAP@0.5(0.840)  mAP@0.5:0.95(0.498)
Time: inference(0.0065s/frame)  nms(0.0568s/frame)
2023-02-09 23:46:25,005 => saving checkpoint to /project/zhanjiao/YOLOP/yolop-two-yolov7/runs/BddDataset/runs_2023-02-03-16-50/epoch-172.pth
2023-02-09 23:46:42,541 Epoch: [173][0/2188]	Time 15.292s (15.292s)	Speed 2.1 samples/s	Data 14.382s (14.382s)	Loss 0.17187 (0.17187)
2023-02-10 00:38:35,487 Epoch: [173][2150/2188]	Time 3128.239s (1616.342s)	Speed 0.0 samples/s	Data 3127.282s (1615.351s)	Loss 0.17271 (0.17183)
2023-02-10 00:39:38,288 Epoch: [174][0/2188]	Time 12.996s (12.996s)	Speed 2.5 samples/s	Data 11.744s (11.744s)	Loss 0.17304 (0.17304)
2023-02-10 01:27:55,937 Epoch: [174][2150/2188]	Time 2910.643s (1439.393s)	Speed 0.0 samples/s	Data 2909.527s (1438.387s)	Loss 0.17059 (0.17182)
2023-02-10 01:28:53,441 Epoch: [175][0/2188]	Time 14.190s (14.190s)	Speed 2.3 samples/s	Data 13.275s (13.275s)	Loss 0.16932 (0.16932)
2023-02-10 02:16:30,299 Epoch: [175][2150/2188]	Time 2871.048s (1447.540s)	Speed 0.0 samples/s	Data 2870.100s (1446.579s)	Loss 0.17180 (0.17183)
2023-02-10 02:32:52,346 Epoch: [175]    Loss(0.267)
Driving area Segment: Acc(0.979)    IOU (0.887)    mIOU(0.931)
Lane line Segment: Acc(0.884)    IOU (0.271)  mIOU(0.626)
Detect: P(0.035)  R(0.968)  mAP@0.5(0.842)  mAP@0.5:0.95(0.499)
Time: inference(0.0067s/frame)  nms(0.0598s/frame)
2023-02-10 02:32:52,348 => saving checkpoint to /project/zhanjiao/YOLOP/yolop-two-yolov7/runs/BddDataset/runs_2023-02-03-16-50/epoch-175.pth
2023-02-10 02:33:09,619 Epoch: [176][0/2188]	Time 14.644s (14.644s)	Speed 2.2 samples/s	Data 13.609s (13.609s)	Loss 0.17164 (0.17164)
2023-02-10 03:21:38,332 Epoch: [176][2150/2188]	Time 2923.357s (1480.139s)	Speed 0.0 samples/s	Data 2922.414s (1479.191s)	Loss 0.17117 (0.17181)
2023-02-10 03:22:38,543 Epoch: [177][0/2188]	Time 12.761s (12.761s)	Speed 2.5 samples/s	Data 11.547s (11.547s)	Loss 0.17062 (0.17062)
2023-02-10 04:10:40,998 Epoch: [177][2150/2188]	Time 2895.216s (1466.790s)	Speed 0.0 samples/s	Data 2894.295s (1465.819s)	Loss 0.17125 (0.17179)
2023-02-10 04:11:45,899 Epoch: [178][0/2188]	Time 13.029s (13.029s)	Speed 2.5 samples/s	Data 11.767s (11.767s)	Loss 0.17155 (0.17155)
2023-02-10 05:01:17,577 Epoch: [178][2150/2188]	Time 2984.707s (1497.561s)	Speed 0.0 samples/s	Data 2983.736s (1496.603s)	Loss 0.17009 (0.17174)
2023-02-10 05:17:12,303 Epoch: [178]    Loss(0.267)
Driving area Segment: Acc(0.979)    IOU (0.886)    mIOU(0.930)
Lane line Segment: Acc(0.880)    IOU (0.277)  mIOU(0.629)
Detect: P(0.035)  R(0.970)  mAP@0.5(0.841)  mAP@0.5:0.95(0.499)
Time: inference(0.0065s/frame)  nms(0.0582s/frame)
2023-02-10 05:17:12,315 => saving checkpoint to /project/zhanjiao/YOLOP/yolop-two-yolov7/runs/BddDataset/runs_2023-02-03-16-50/epoch-178.pth
2023-02-10 05:17:28,851 Epoch: [179][0/2188]	Time 14.384s (14.384s)	Speed 2.2 samples/s	Data 13.438s (13.438s)	Loss 0.17284 (0.17284)
2023-02-10 06:09:07,246 Epoch: [179][2150/2188]	Time 3112.728s (1527.041s)	Speed 0.0 samples/s	Data 3111.813s (1526.094s)	Loss 0.17117 (0.17173)
2023-02-10 06:10:18,437 Epoch: [180][0/2188]	Time 13.811s (13.811s)	Speed 2.3 samples/s	Data 12.748s (12.748s)	Loss 0.16853 (0.16853)
2023-02-10 07:01:23,464 Epoch: [180][2150/2188]	Time 3078.836s (1553.389s)	Speed 0.0 samples/s	Data 3077.809s (1552.442s)	Loss 0.17239 (0.17168)
2023-02-10 07:17:32,834 Epoch: [180]    Loss(0.267)
Driving area Segment: Acc(0.979)    IOU (0.887)    mIOU(0.931)
Lane line Segment: Acc(0.882)    IOU (0.278)  mIOU(0.629)
Detect: P(0.035)  R(0.968)  mAP@0.5(0.841)  mAP@0.5:0.95(0.499)
Time: inference(0.0065s/frame)  nms(0.0591s/frame)
2023-02-10 07:17:32,836 => saving checkpoint to /project/zhanjiao/YOLOP/yolop-two-yolov7/runs/BddDataset/runs_2023-02-03-16-50/epoch-180.pth
2023-02-10 07:17:52,068 Epoch: [181][0/2188]	Time 17.254s (17.254s)	Speed 1.9 samples/s	Data 15.987s (15.987s)	Loss 0.17064 (0.17064)
2023-02-10 08:10:58,090 Epoch: [181][2150/2188]	Time 3203.273s (1622.624s)	Speed 0.0 samples/s	Data 3202.379s (1621.647s)	Loss 0.17208 (0.17167)
2023-02-10 08:27:34,734 Epoch: [181]    Loss(0.267)
Driving area Segment: Acc(0.979)    IOU (0.886)    mIOU(0.931)
Lane line Segment: Acc(0.881)    IOU (0.277)  mIOU(0.629)
Detect: P(0.035)  R(0.969)  mAP@0.5(0.841)  mAP@0.5:0.95(0.498)
Time: inference(0.0066s/frame)  nms(0.0606s/frame)
2023-02-10 08:27:34,736 => saving checkpoint to /project/zhanjiao/YOLOP/yolop-two-yolov7/runs/BddDataset/runs_2023-02-03-16-50/epoch-181.pth
2023-02-10 08:27:54,676 Epoch: [182][0/2188]	Time 17.842s (17.842s)	Speed 1.8 samples/s	Data 16.779s (16.779s)	Loss 0.17530 (0.17530)
2023-02-10 09:20:02,287 Epoch: [182][2150/2188]	Time 3145.448s (1640.524s)	Speed 0.0 samples/s	Data 3144.171s (1639.528s)	Loss 0.16995 (0.17167)
2023-02-10 09:37:12,194 Epoch: [182]    Loss(0.267)
Driving area Segment: Acc(0.979)    IOU (0.888)    mIOU(0.931)
Lane line Segment: Acc(0.885)    IOU (0.273)  mIOU(0.627)
Detect: P(0.035)  R(0.970)  mAP@0.5(0.842)  mAP@0.5:0.95(0.500)
Time: inference(0.0067s/frame)  nms(0.0651s/frame)
2023-02-10 09:37:12,195 => saving checkpoint to /project/zhanjiao/YOLOP/yolop-two-yolov7/runs/BddDataset/runs_2023-02-03-16-50/epoch-182.pth
2023-02-10 09:37:28,416 Epoch: [183][0/2188]	Time 14.270s (14.270s)	Speed 2.2 samples/s	Data 13.253s (13.253s)	Loss 0.17100 (0.17100)
2023-02-10 10:24:04,663 Epoch: [183][2150/2188]	Time 2810.516s (1474.177s)	Speed 0.0 samples/s	Data 2809.614s (1473.079s)	Loss 0.16972 (0.17161)
2023-02-10 10:40:22,436 Epoch: [183]    Loss(0.267)
Driving area Segment: Acc(0.979)    IOU (0.887)    mIOU(0.931)
Lane line Segment: Acc(0.882)    IOU (0.276)  mIOU(0.628)
Detect: P(0.035)  R(0.967)  mAP@0.5(0.842)  mAP@0.5:0.95(0.498)
Time: inference(0.0066s/frame)  nms(0.0600s/frame)
2023-02-10 10:40:22,437 => saving checkpoint to /project/zhanjiao/YOLOP/yolop-two-yolov7/runs/BddDataset/runs_2023-02-03-16-50/epoch-183.pth
2023-02-10 10:40:38,938 Epoch: [184][0/2188]	Time 13.846s (13.846s)	Speed 2.3 samples/s	Data 12.422s (12.422s)	Loss 0.17003 (0.17003)
2023-02-10 11:29:43,777 Epoch: [184][2150/2188]	Time 2958.685s (1495.399s)	Speed 0.0 samples/s	Data 2957.529s (1494.272s)	Loss 0.17242 (0.17156)
2023-02-10 11:57:05,366 Epoch: [184]    Loss(0.267)
Driving area Segment: Acc(0.979)    IOU (0.887)    mIOU(0.931)
Lane line Segment: Acc(0.884)    IOU (0.275)  mIOU(0.628)
Detect: P(0.035)  R(0.970)  mAP@0.5(0.841)  mAP@0.5:0.95(0.497)
Time: inference(0.0077s/frame)  nms(0.1139s/frame)
2023-02-10 11:57:05,367 => saving checkpoint to /project/zhanjiao/YOLOP/yolop-two-yolov7/runs/BddDataset/runs_2023-02-03-16-50/epoch-184.pth
2023-02-10 11:57:28,918 Epoch: [185][0/2188]	Time 21.148s (21.148s)	Speed 1.5 samples/s	Data 19.923s (19.923s)	Loss 0.17280 (0.17280)
2023-02-10 12:58:03,787 Epoch: [185][2150/2188]	Time 3656.017s (1847.949s)	Speed 0.0 samples/s	Data 3655.014s (1846.858s)	Loss 0.17223 (0.17160)
2023-02-10 13:26:13,665 Epoch: [185]    Loss(0.267)
Driving area Segment: Acc(0.979)    IOU (0.887)    mIOU(0.931)
Lane line Segment: Acc(0.888)    IOU (0.270)  mIOU(0.625)
Detect: P(0.035)  R(0.969)  mAP@0.5(0.842)  mAP@0.5:0.95(0.500)
Time: inference(0.0077s/frame)  nms(0.1147s/frame)
2023-02-10 13:26:13,667 => saving checkpoint to /project/zhanjiao/YOLOP/yolop-two-yolov7/runs/BddDataset/runs_2023-02-03-16-50/epoch-185.pth
2023-02-10 13:26:38,623 Epoch: [186][0/2188]	Time 22.040s (22.040s)	Speed 1.5 samples/s	Data 21.041s (21.041s)	Loss 0.17202 (0.17202)
2023-02-10 14:30:57,897 Epoch: [186][2150/2188]	Time 3881.312s (2032.697s)	Speed 0.0 samples/s	Data 3880.408s (2031.666s)	Loss 0.17068 (0.17152)
2023-02-10 14:47:04,070 Epoch: [186]    Loss(0.267)
Driving area Segment: Acc(0.979)    IOU (0.888)    mIOU(0.931)
Lane line Segment: Acc(0.884)    IOU (0.275)  mIOU(0.627)
Detect: P(0.035)  R(0.968)  mAP@0.5(0.842)  mAP@0.5:0.95(0.499)
Time: inference(0.0065s/frame)  nms(0.0582s/frame)
2023-02-10 14:47:04,072 => saving checkpoint to /project/zhanjiao/YOLOP/yolop-two-yolov7/runs/BddDataset/runs_2023-02-03-16-50/epoch-186.pth
2023-02-10 14:47:24,336 Epoch: [187][0/2188]	Time 17.950s (17.950s)	Speed 1.8 samples/s	Data 16.980s (16.980s)	Loss 0.17080 (0.17080)
2023-02-10 15:52:41,377 Epoch: [187][2150/2188]	Time 3934.990s (2002.281s)	Speed 0.0 samples/s	Data 3934.109s (2001.336s)	Loss 0.17178 (0.17159)
2023-02-10 16:09:11,002 Epoch: [187]    Loss(0.267)
Driving area Segment: Acc(0.979)    IOU (0.887)    mIOU(0.931)
Lane line Segment: Acc(0.876)    IOU (0.281)  mIOU(0.631)
Detect: P(0.035)  R(0.969)  mAP@0.5(0.841)  mAP@0.5:0.95(0.499)
Time: inference(0.0067s/frame)  nms(0.0590s/frame)
2023-02-10 16:09:11,003 => saving checkpoint to /project/zhanjiao/YOLOP/yolop-two-yolov7/runs/BddDataset/runs_2023-02-03-16-50/epoch-187.pth
2023-02-10 16:09:33,783 Epoch: [188][0/2188]	Time 20.377s (20.377s)	Speed 1.6 samples/s	Data 19.445s (19.445s)	Loss 0.17021 (0.17021)
2023-02-10 17:20:25,973 Epoch: [188][2150/2188]	Time 4272.566s (2199.310s)	Speed 0.0 samples/s	Data 4271.614s (2198.258s)	Loss 0.17160 (0.17156)
2023-02-10 17:47:47,813 Epoch: [188]    Loss(0.267)
Driving area Segment: Acc(0.979)    IOU (0.888)    mIOU(0.932)
Lane line Segment: Acc(0.881)    IOU (0.278)  mIOU(0.629)
Detect: P(0.035)  R(0.968)  mAP@0.5(0.843)  mAP@0.5:0.95(0.501)
Time: inference(0.0073s/frame)  nms(0.1102s/frame)
2023-02-10 17:47:47,833 => saving checkpoint to /project/zhanjiao/YOLOP/yolop-two-yolov7/runs/BddDataset/runs_2023-02-03-16-50/epoch-188.pth
2023-02-10 17:48:13,492 Epoch: [189][0/2188]	Time 22.563s (22.563s)	Speed 1.4 samples/s	Data 21.365s (21.365s)	Loss 0.16997 (0.16997)
2023-02-10 18:56:27,968 Epoch: [189][2150/2188]	Time 4116.749s (2181.871s)	Speed 0.0 samples/s	Data 4115.681s (2180.742s)	Loss 0.17191 (0.17150)
2023-02-10 19:23:49,782 Epoch: [189]    Loss(0.267)
Driving area Segment: Acc(0.979)    IOU (0.887)    mIOU(0.932)
Lane line Segment: Acc(0.883)    IOU (0.280)  mIOU(0.630)
Detect: P(0.035)  R(0.969)  mAP@0.5(0.843)  mAP@0.5:0.95(0.500)
Time: inference(0.0075s/frame)  nms(0.1105s/frame)
2023-02-10 19:23:49,801 => saving checkpoint to /project/zhanjiao/YOLOP/yolop-two-yolov7/runs/BddDataset/runs_2023-02-03-16-50/epoch-189.pth
2023-02-10 19:24:15,403 Epoch: [190][0/2188]	Time 22.610s (22.610s)	Speed 1.4 samples/s	Data 21.640s (21.640s)	Loss 0.17127 (0.17127)
2023-02-10 20:32:46,759 Epoch: [190][2150/2188]	Time 4133.954s (2146.786s)	Speed 0.0 samples/s	Data 4132.612s (2145.653s)	Loss 0.17127 (0.17155)
2023-02-10 20:59:37,571 Epoch: [190]    Loss(0.267)
Driving area Segment: Acc(0.979)    IOU (0.887)    mIOU(0.931)
Lane line Segment: Acc(0.878)    IOU (0.279)  mIOU(0.630)
Detect: P(0.035)  R(0.969)  mAP@0.5(0.843)  mAP@0.5:0.95(0.498)
Time: inference(0.0078s/frame)  nms(0.1054s/frame)
2023-02-10 20:59:37,573 => saving checkpoint to /project/zhanjiao/YOLOP/yolop-two-yolov7/runs/BddDataset/runs_2023-02-03-16-50/epoch-190.pth
2023-02-10 21:00:05,994 Epoch: [191][0/2188]	Time 25.838s (25.838s)	Speed 1.2 samples/s	Data 24.569s (24.569s)	Loss 0.17337 (0.17337)
2023-02-10 23:06:12,371 Epoch: [191][2150/2188]	Time 7592.163s (4984.022s)	Speed 0.0 samples/s	Data 7590.958s (4981.762s)	Loss 0.17174 (0.17154)
2023-02-10 23:25:09,921 Epoch: [191]    Loss(0.267)
Driving area Segment: Acc(0.979)    IOU (0.887)    mIOU(0.931)
Lane line Segment: Acc(0.883)    IOU (0.277)  mIOU(0.629)
Detect: P(0.035)  R(0.969)  mAP@0.5(0.843)  mAP@0.5:0.95(0.500)
Time: inference(0.0071s/frame)  nms(0.0713s/frame)
2023-02-10 23:25:09,924 => saving checkpoint to /project/zhanjiao/YOLOP/yolop-two-yolov7/runs/BddDataset/runs_2023-02-03-16-50/epoch-191.pth
2023-02-10 23:25:36,889 Epoch: [192][0/2188]	Time 24.522s (24.522s)	Speed 1.3 samples/s	Data 23.192s (23.192s)	Loss 0.17051 (0.17051)
2023-02-11 00:38:50,275 Epoch: [192][2150/2188]	Time 4417.906s (2247.135s)	Speed 0.0 samples/s	Data 4416.854s (2246.038s)	Loss 0.17142 (0.17153)
2023-02-11 00:58:33,503 Epoch: [192]    Loss(0.267)
Driving area Segment: Acc(0.979)    IOU (0.887)    mIOU(0.931)
Lane line Segment: Acc(0.884)    IOU (0.275)  mIOU(0.627)
Detect: P(0.035)  R(0.969)  mAP@0.5(0.841)  mAP@0.5:0.95(0.499)
Time: inference(0.0071s/frame)  nms(0.0743s/frame)
2023-02-11 00:58:33,504 => saving checkpoint to /project/zhanjiao/YOLOP/yolop-two-yolov7/runs/BddDataset/runs_2023-02-03-16-50/epoch-192.pth
2023-02-11 00:58:58,214 Epoch: [193][0/2188]	Time 22.370s (22.370s)	Speed 1.4 samples/s	Data 20.831s (20.831s)	Loss 0.17162 (0.17162)
2023-02-11 02:11:59,136 Epoch: [193][2150/2188]	Time 4403.271s (2270.047s)	Speed 0.0 samples/s	Data 4402.312s (2268.948s)	Loss 0.17143 (0.17149)
2023-02-11 02:30:51,687 Epoch: [193]    Loss(0.267)
Driving area Segment: Acc(0.979)    IOU (0.887)    mIOU(0.931)
Lane line Segment: Acc(0.881)    IOU (0.277)  mIOU(0.629)
Detect: P(0.035)  R(0.971)  mAP@0.5(0.842)  mAP@0.5:0.95(0.499)
Time: inference(0.0071s/frame)  nms(0.0704s/frame)
2023-02-11 02:30:51,696 => saving checkpoint to /project/zhanjiao/YOLOP/yolop-two-yolov7/runs/BddDataset/runs_2023-02-03-16-50/epoch-193.pth
2023-02-11 02:31:17,409 Epoch: [194][0/2188]	Time 22.863s (22.863s)	Speed 1.4 samples/s	Data 21.821s (21.821s)	Loss 0.16966 (0.16966)
2023-02-11 03:43:10,771 Epoch: [194][2150/2188]	Time 4336.196s (2188.573s)	Speed 0.0 samples/s	Data 4335.133s (2187.481s)	Loss 0.17091 (0.17145)
2023-02-11 04:01:44,620 Epoch: [194]    Loss(0.267)
Driving area Segment: Acc(0.979)    IOU (0.886)    mIOU(0.931)
Lane line Segment: Acc(0.883)    IOU (0.277)  mIOU(0.629)
Detect: P(0.035)  R(0.969)  mAP@0.5(0.842)  mAP@0.5:0.95(0.501)
Time: inference(0.0078s/frame)  nms(0.0624s/frame)
2023-02-11 04:01:44,630 => saving checkpoint to /project/zhanjiao/YOLOP/yolop-two-yolov7/runs/BddDataset/runs_2023-02-03-16-50/epoch-194.pth
2023-02-11 04:02:11,841 Epoch: [195][0/2188]	Time 24.771s (24.771s)	Speed 1.3 samples/s	Data 22.652s (22.652s)	Loss 0.16855 (0.16855)
2023-02-11 05:24:59,952 Epoch: [195][2150/2188]	Time 4992.841s (2335.275s)	Speed 0.0 samples/s	Data 4991.657s (2333.687s)	Loss 0.17330 (0.17143)
2023-02-11 07:03:17,389 Epoch: [195]    Loss(0.267)
Driving area Segment: Acc(0.979)    IOU (0.886)    mIOU(0.931)
Lane line Segment: Acc(0.888)    IOU (0.271)  mIOU(0.626)
Detect: P(0.035)  R(0.828)  mAP@0.5(0.720)  mAP@0.5:0.95(0.426)
Time: inference(0.0247s/frame)  nms(0.3026s/frame)
2023-02-11 07:03:17,413 => saving checkpoint to /project/zhanjiao/YOLOP/yolop-two-yolov7/runs/BddDataset/runs_2023-02-03-16-50/epoch-195.pth
2023-02-11 07:04:02,378 Epoch: [196][0/2188]	Time 40.024s (40.024s)	Speed 0.8 samples/s	Data 34.059s (34.059s)	Loss 0.17273 (0.17273)
2023-02-11 09:07:56,984 Epoch: [196][2150/2188]	Time 7474.627s (3618.005s)	Speed 0.0 samples/s	Data 7470.570s (3614.552s)	Loss 0.17324 (0.17148)
2023-02-11 10:41:53,371 Epoch: [196]    Loss(0.267)
Driving area Segment: Acc(0.979)    IOU (0.886)    mIOU(0.930)
Lane line Segment: Acc(0.884)    IOU (0.276)  mIOU(0.628)
Detect: P(0.035)  R(0.839)  mAP@0.5(0.731)  mAP@0.5:0.95(0.434)
Time: inference(0.0249s/frame)  nms(0.3002s/frame)
2023-02-11 10:41:53,382 => saving checkpoint to /project/zhanjiao/YOLOP/yolop-two-yolov7/runs/BddDataset/runs_2023-02-03-16-50/epoch-196.pth
2023-02-11 10:42:33,040 Epoch: [197][0/2188]	Time 36.175s (36.175s)	Speed 0.9 samples/s	Data 33.245s (33.245s)	Loss 0.17409 (0.17409)
2023-02-11 12:12:56,660 Epoch: [197][2150/2188]	Time 5459.799s (2767.076s)	Speed 0.0 samples/s	Data 5458.749s (2764.758s)	Loss 0.17165 (0.17144)
2023-02-11 13:32:40,133 Epoch: [197]    Loss(0.267)
Driving area Segment: Acc(0.979)    IOU (0.886)    mIOU(0.931)
Lane line Segment: Acc(0.883)    IOU (0.276)  mIOU(0.629)
Detect: P(0.035)  R(0.897)  mAP@0.5(0.779)  mAP@0.5:0.95(0.462)
Time: inference(0.0235s/frame)  nms(0.2699s/frame)
2023-02-11 13:32:40,154 => saving checkpoint to /project/zhanjiao/YOLOP/yolop-two-yolov7/runs/BddDataset/runs_2023-02-03-16-50/epoch-197.pth
